Cache size                    : 2
Block size                    : 128
Associativity                 : 1
Read only ports               : 0
Write only ports              : 0
Read write ports              : 1
Single ended read ports       : 0
Cache banks (UCA)             : 16
Technology                    : 0.08
Temperature                   : 350
Tag size                      : 42
array type                    : Scratch RAM
Model as memory               : 1
Model as 3D memory       	 : 1
Access mode                   : 2
Data array cell type          : 4
Data array peripheral type    : 1
Tag array cell type           : 0
Tag array peripheral type     : 0
Optimization target           : 0
Design objective (UCA wt)     : 0 0 0 0 100
Design objective (UCA dev)    : 50 100000 100000 100000 1000000
Cache model                   : 0
Nuca bank                     : 0
Wire inside mat               : 1
Wire outside mat              : 2
Interconnect projection       : 1
Wire signaling               : 1
Print level                   : 1
ECC overhead                  : 0
Page size                     : 8192
Burst length                  : 4
Internal prefetch width       : 1
Force cache config            : 1
Ndwl                          : 128
Ndbl                          : 32
Nspd                          : 1
Ndcm                          : 1
Ndsam1                        : 1
Ndsam2                        : 1
Subarray Driver direction       : 1
iostate                       : WRITE
dram_ecc                      : NO_ECC
io_type                     : DDR3
dram_dimm                      : UDIMM
IO Area (sq.mm) = inf
IO Timing Margin (ps) = -3.33287e+06
IO Votlage Margin (V) = -4999.56
IO Dynamic Power (mW) = 346.06 PHY Power (mW) = 34.6886 PHY Wakeup Time (us) = 27.503
IO Termination and Bias Power (mW) = 227.55
-------  CACTI (version 7.0.3DD Prerelease of Aug, 2012) 3D DRAM Main Memory  -------

Memory Parameters:
	Total memory size (Gb): 2
	Number of banks: 16
	Technology size (nm): 80
	Page size (bits): 8192
	Burst depth: 4
	Chip IO width: 4
	Best Ndwl: 128
	Best Ndbl: 32
	# rows in subarray: 512
	# columns in subarray: 64

Results:
Timing Components:
	   t_RCD (Row to column command delay): 9.75354 ns
	   t_RAS (Row access strobe latency): 20.8583 ns
	   t_RC (Row cycle): 30.2645 ns
	   t_CAS (Column access strobe latency): 18.3546 ns
	   t_RP (Row precharge latency): 9.40611 ns
	   t_RRD (Row activation to row activation delay): 2.44446 ns
Power Components:
	   Activation energy: 2.02454 nJ
	   Read energy: 2.10891 nJ
	   Write energy: 2.10891 nJ
	   Precharge energy: 1.83993 nJ
Area Components:
	   DRAM core area: 143.478 mm2
	   DRAM area per die: 198.336 mm2
	   Area efficiency: 42.5521%
	   DRAM die width: 10.6469 mm
	   DRAM die height: 18.6286 mm


3D DRAM Detail Components:


Time Components:

	 row activation bus delay (ns): 2.44446
	 row predecoder delay (ns): 1.11884
	 row decoder delay (ns): 2.73094
	 local wordline delay (ns): 0.952383
	 bitline delay (ns): 6.04085
	 sense amp delay (ns): 0.029359
	 column access bus delay (ns): 2.44446
	 column predecoder delay (ns): 0.691675
	 column decoder delay (ns): 2.80223
	 datapath bus delay (ns): 2.44446
	 global dataline delay (ns): 1.26932
	 local dataline delay (ns): 0.43698
	 data buffer delay (ns): 7.5188
	 subarray output driver delay (ns): 0.417985

Energy Components:

	 row activation bus energy (nJ): 0.194367
	 row predecoder energy (nJ): 0.000769467
	 row decoder energy (nJ): 0.00805776
	 local wordline energy (nJ): 0.00508349
	 bitline energy (nJ): 1.6925
	 sense amp energy (nJ): 0.123766
	 column access bus energy (nJ): 0.180483
	 column predecoder energy (nJ): 0.000154111
	 column decoder energy (nJ): 0.000749965
	 column selectline energy (nJ): 0.955832
	 datapath bus energy (nJ): 0.222133
	 global dataline energy (nJ): 0.00874928
	 local dataline energy (nJ): 0.00601094
	 data buffer energy (nJ): 0.000252473

Area Components:

	 DRAM cell area (mm2): 84.3961
	 local WL driver area (mm2): 40.9221
	 subarray sense amp area (mm2): 13.8278
	 row predecoder/decoder area (mm2): 0.640229
	 column predecoder/decoder area (mm2): 0.041158
	 center stripe bus area (mm2): 0.51172
	 address bus area (mm2): 0.844921
	 data bus area (mm2): 0.0391818
	 data driver area (mm2): 0.012793
	 IO secondary sense amp area (mm2): 0.0045056
	 TSV area (mm2): 0.002425

Wire Properties:

  Delay Optimal
	Repeater size - 205.609 
	Repeater spacing - 1.01751 (mm) 
	Delay - 0.125276 (ns/mm) 
	PowerD - 0.001089 (nJ/mm) 
	PowerL - 2.5552e-06 (mW/mm) 
	PowerLgate - 3.42574e-06 (mW/mm)
	Wire width - 0.16 microns
	Wire spacing - 0.16 microns

  5% Overhead
	Repeater size - 122.609 
	Repeater spacing - 1.31751 (mm) 
	Delay - 0.131462 (ns/mm) 
	PowerD - 0.000746637 (nJ/mm) 
	PowerL - 1.17677e-06 (mW/mm) 
	PowerLgate - 1.57768e-06 (mW/mm)
	Wire width - 0.16 microns
	Wire spacing - 0.16 microns

  10% Overhead
	Repeater size - 109.609 
	Repeater spacing - 1.51751 (mm) 
	Delay - 0.137583 (ns/mm) 
	PowerD - 0.000693739 (nJ/mm) 
	PowerL - 9.13349e-07 (mW/mm) 
	PowerLgate - 1.22452e-06 (mW/mm)
	Wire width - 0.16 microns
	Wire spacing - 0.16 microns

  20% Overhead
	Repeater size - 91.6091 
	Repeater spacing - 1.81751 (mm) 
	Delay - 0.150274 (ns/mm) 
	PowerD - 0.000634792 (nJ/mm) 
	PowerL - 6.37358e-07 (mW/mm) 
	PowerLgate - 8.545e-07 (mW/mm)
	Wire width - 0.16 microns
	Wire spacing - 0.16 microns

  30% Overhead
	Repeater size - 75.6091 
	Repeater spacing - 1.91751 (mm) 
	Delay - 0.162837 (ns/mm) 
	PowerD - 0.000592787 (nJ/mm) 
	PowerL - 4.98607e-07 (mW/mm) 
	PowerLgate - 6.68477e-07 (mW/mm)
	Wire width - 0.16 microns
	Wire spacing - 0.16 microns

  Low-swing wire (1 mm) - Note: Unlike repeated wires, 
	delay and power values of low-swing wires do not
	have a linear relationship with length. 
	delay - 0.882916 (ns) 
	powerD - 1.63431e-05 (nJ) 
	PowerL - 1.25953e-10 (mW) 
	PowerLgate - 3.08753e-10 (mW)
	Wire width - 3.2e-07 microns
	Wire spacing - 3.2e-07 microns


top 3 best memory configurations are:
Memory    cap: 8 GB num_bobs: 1 bw: 800 (MHz) cost: $64.17 energy: 24.2148 (nJ) 
 {
 (0)  BoB       cap: 8 GB num_channels: 1 bw: 800 (MHz) cost: $64.17 energy: 24.2148 (nJ) 
    ==============
    (0) cap: 8 GB bw: 800 (MHz) cost: $64.17 dpc: 1 energy: 24.2148 (nJ)  DIMM:  RDIMM  low power: F [ 0(4GB) 1(8GB) 0(16GB) 0(32GB) 0(64GB) ]
    ==============

 }

=============================================

