Cache size                    : 8
Block size                    : 128
Associativity                 : 1
Read only ports               : 0
Write only ports              : 0
Read write ports              : 1
Single ended read ports       : 0
Cache banks (UCA)             : 8
Technology                    : 0.032
Temperature                   : 350
Tag size                      : 42
array type                    : Scratch RAM
Model as memory               : 1
Model as 3D memory       	 : 1
Access mode                   : 2
Data array cell type          : 4
Data array peripheral type    : 1
Tag array cell type           : 0
Tag array peripheral type     : 0
Optimization target           : 0
Design objective (UCA wt)     : 0 0 0 0 100
Design objective (UCA dev)    : 50 100000 100000 100000 1000000
Cache model                   : 0
Nuca bank                     : 0
Wire inside mat               : 1
Wire outside mat              : 2
Interconnect projection       : 1
Wire signaling               : 1
Print level                   : 1
ECC overhead                  : 0
Page size                     : 8192
Burst length                  : 8
Internal prefetch width       : 8
Force cache config            : 1
Ndwl                          : 16
Ndbl                          : 32
Nspd                          : 1
Ndcm                          : 1
Ndsam1                        : 1
Ndsam2                        : 1
Subarray Driver direction       : 1
iostate                       : READ
dram_ecc                      : NO_ECC
io_type                     : DDR3
dram_dimm                      : UDIMM
IO Area (sq.mm) = inf
IO Timing Margin (ps) = -3.33282e+06
IO Votlage Margin (V) = -4499.61
IO Dynamic Power (mW) = 549.155 PHY Power (mW) = 48.7546 PHY Wakeup Time (us) = 27.503
IO Termination and Bias Power (mW) = 275.681
-------  CACTI (version 7.0.3DD Prerelease of Aug, 2012) 3D DRAM Main Memory  -------

Memory Parameters:
	Total memory size (Gb): 8
	Stacked die count: 4
	TSV projection: ITRS aggressive
	Number of banks: 8
	Technology size (nm): 32
	Page size (bits): 8192
	Burst depth: 1
	Chip IO width: 256
	Best Ndwl: 16
	Best Ndbl: 32
	# rows in subarray: 1024
	# columns in subarray: 512

Results:
Timing Components:
	   t_RCD (Row to column command delay): 7.96959 ns
	   t_RAS (Row access strobe latency): 23.8395 ns
	   t_RC (Row cycle): 39.6838 ns
	   t_CAS (Column access strobe latency): 15.7619 ns
	   t_RP (Row precharge latency): 16.5672 ns
	   t_RRD (Row activation to row activation delay): 2.97478 ns
Power Components:
	   Activation energy: 1.02701 nJ
	   Read energy: 1.74052 nJ
	   Write energy: 1.74058 nJ
	   Precharge energy: 0.950155 nJ
Area Components:
	   DRAM core area: 23.0235 mm2
	   Area efficiency: 57.3073%
	   DRAM die width: 3.2101 mm
	   DRAM die height: 7.1625 mm
TSV Components:
	   TSV area overhead: 0.031104 mm2
	   TSV latency overhead: 0.722927 ns
	   TSV energy overhead per access: 0.148761 nJ


3D DRAM Detail Components:


Time Components:

	 row activation bus delay (ns): 2.25185
	 row predecoder delay (ns): 0.454622
	 row decoder delay (ns): 1.85439
	 local wordline delay (ns): 0.84758
	 bitline delay (ns): 4.52145
	 sense amp delay (ns): 0.0232399
	 column access bus delay (ns): 2.25185
	 column predecoder delay (ns): 0.162974
	 column decoder delay (ns): 1.00762
	 datapath bus delay (ns): 2.25185
	 global dataline delay (ns): 1.56125
	 local dataline delay (ns): 0.527209
	 data buffer delay (ns): 6.00601
	 subarray output driver delay (ns): 0.256792

Energy Components:

	 row activation bus energy (nJ): 0.059228
	 row predecoder energy (nJ): 0.000186202
	 row decoder energy (nJ): 0.000961159
	 local wordline energy (nJ): 0.00143921
	 bitline energy (nJ): 0.784308
	 sense amp energy (nJ): 0.0321228
	 column access bus energy (nJ): 0.0513309
	 column predecoder energy (nJ): 6.90215e-06
	 column decoder energy (nJ): 0.000113265
	 column selectline energy (nJ): 0.0163018
	 datapath bus energy (nJ): 1.01082
	 global dataline energy (nJ): 0.0729801
	 local dataline energy (nJ): 0.145174
	 data buffer energy (nJ): 0.0012078

Area Components:

	 DRAM cell area (mm2): 13.1941
	 local WL driver area (mm2): 6.86644
	 subarray sense amp area (mm2): 1.7244
	 row predecoder/decoder area (mm2): 0.0988212
	 column predecoder/decoder area (mm2): 0.000271163
	 center stripe bus area (mm2): 1.03266
	 address bus area (mm2): 0
	 data bus area (mm2): 0.229525
	 data driver area (mm2): 0.013411
	 IO secondary sense amp area (mm2): 0.00576717
	 TSV area (mm2): 0.031104

Wire Properties:

  Delay Optimal
	Repeater size - 201.37 
	Repeater spacing - 0.276542 (mm) 
	Delay - 0.20138 (ns/mm) 
	PowerD - 0.000610487 (nJ/mm) 
	PowerL - 9.53969e-06 (mW/mm) 
	PowerLgate - 2.1055e-06 (mW/mm)
	Wire width - 0.064 microns
	Wire spacing - 0.064 microns

  5% Overhead
	Repeater size - 98.3697 
	Repeater spacing - 0.376542 (mm) 
	Delay - 0.211387 (ns/mm) 
	PowerD - 0.000370658 (nJ/mm) 
	PowerL - 3.42254e-06 (mW/mm) 
	PowerLgate - 7.55389e-07 (mW/mm)
	Wire width - 0.064 microns
	Wire spacing - 0.064 microns

  10% Overhead
	Repeater size - 97.3697 
	Repeater spacing - 0.476542 (mm) 
	Delay - 0.221465 (ns/mm) 
	PowerD - 0.000357143 (nJ/mm) 
	PowerL - 2.67685e-06 (mW/mm) 
	PowerLgate - 5.90807e-07 (mW/mm)
	Wire width - 0.064 microns
	Wire spacing - 0.064 microns

  20% Overhead
	Repeater size - 72.3697 
	Repeater spacing - 0.476542 (mm) 
	Delay - 0.240905 (ns/mm) 
	PowerD - 0.000320751 (nJ/mm) 
	PowerL - 1.98956e-06 (mW/mm) 
	PowerLgate - 4.39115e-07 (mW/mm)
	Wire width - 0.064 microns
	Wire spacing - 0.064 microns

  30% Overhead
	Repeater size - 66.3697 
	Repeater spacing - 0.576542 (mm) 
	Delay - 0.260788 (ns/mm) 
	PowerD - 0.000308945 (nJ/mm) 
	PowerL - 1.50813e-06 (mW/mm) 
	PowerLgate - 3.3286e-07 (mW/mm)
	Wire width - 0.064 microns
	Wire spacing - 0.064 microns

  Low-swing wire (1 mm) - Note: Unlike repeated wires, 
	delay and power values of low-swing wires do not
	have a linear relationship with length. 
	delay - 0.300932 (ns) 
	powerD - 4.01391e-06 (nJ) 
	PowerL - 1.31496e-10 (mW) 
	PowerLgate - 5.24587e-11 (mW)
	Wire width - 1.28e-07 microns
	Wire spacing - 1.28e-07 microns


top 3 best memory configurations are:
Memory    cap: 4 GB num_bobs: 1 bw: 800 (MHz) cost: $40.38 energy: 22.5602 (nJ) 
 {
 (0)  BoB       cap: 4 GB num_channels: 1 bw: 800 (MHz) cost: $40.38 energy: 22.5602 (nJ) 
    ==============
    (0) cap: 4 GB bw: 800 (MHz) cost: $40.38 dpc: 1 energy: 22.5602 (nJ)  DIMM:  UDIMM  low power: F [ 1(4GB) 0(8GB) 0(16GB) 0(32GB) 0(64GB) ]
    ==============

 }

=============================================

