Cache size                    : 4
Block size                    : 128
Associativity                 : 1
Read only ports               : 0
Write only ports              : 0
Read write ports              : 1
Single ended read ports       : 0
Cache banks (UCA)             : 16
Technology                    : 0.04
Temperature                   : 350
Tag size                      : 42
array type                    : Scratch RAM
Model as memory               : 1
Model as 3D memory       	 : 1
Access mode                   : 2
Data array cell type          : 4
Data array peripheral type    : 1
Tag array cell type           : 0
Tag array peripheral type     : 0
Optimization target           : 0
Design objective (UCA wt)     : 0 0 0 0 100
Design objective (UCA dev)    : 50 100000 100000 100000 1000000
Cache model                   : 0
Nuca bank                     : 0
Wire inside mat               : 1
Wire outside mat              : 2
Interconnect projection       : 1
Wire signaling               : 1
Print level                   : 1
ECC overhead                  : 0
Page size                     : 8192
Burst length                  : 8
Internal prefetch width       : 8
Force cache config            : 1
Ndwl                          : 16
Ndbl                          : 32
Nspd                          : 1
Ndcm                          : 1
Ndsam1                        : 1
Ndsam2                        : 1
Subarray Driver direction       : 1
iostate                       : READ
dram_ecc                      : NO_ECC
io_type                     : DDR3
dram_dimm                      : UDIMM
IO Area (sq.mm) = inf
IO Timing Margin (ps) = -3.33288e+06
IO Votlage Margin (V) = -4499.72
IO Dynamic Power (mW) = 2157.64 PHY Power (mW) = 180.036 PHY Wakeup Time (us) = 27.503
IO Termination and Bias Power (mW) = 1220.86
-------  CACTI (version 7.0.3DD Prerelease of Aug, 2012) 3D DRAM Main Memory  -------

Memory Parameters:
	Total memory size (Gb): 4
	Stacked die count: 4
	TSV projection: ITRS aggressive
	Number of banks: 16
	Technology size (nm): 40
	Page size (bits): 8192
	Burst depth: 1
	Chip IO width: 128
	Best Ndwl: 16
	Best Ndbl: 32
	# rows in subarray: 256
	# columns in subarray: 512

Results:
Timing Components:
	   t_RCD (Row to column command delay): 6.18343 ns
	   t_RAS (Row access strobe latency): 10.6007 ns
	   t_RC (Row cycle): 15.3606 ns
	   t_CAS (Column access strobe latency): 12.6954 ns
	   t_RP (Row precharge latency): 5.52842 ns
	   t_RRD (Row activation to row activation delay): 1.86778 ns
Power Components:
	   Activation energy: 0.457096 nJ
	   Read energy: 0.998183 nJ
	   Write energy: 0.998226 nJ
	   Precharge energy: 0.402891 nJ
Area Components:
	   DRAM core area: 22.3448 mm2
	   Area efficiency: 47.2845%
	   DRAM die width: 3.70839 mm
	   DRAM die height: 6.01552 mm
TSV Components:
	   TSV area overhead: 0.036864 mm2
	   TSV latency overhead: 0.768542 ns
	   TSV energy overhead per access: 0.0967465 nJ


3D DRAM Detail Components:


Time Components:

	 row activation bus delay (ns): 1.09924
	 row predecoder delay (ns): 0.486194
	 row decoder delay (ns): 1.31147
	 local wordline delay (ns): 0.947535
	 bitline delay (ns): 3.13872
	 sense amp delay (ns): 0.0171639
	 column access bus delay (ns): 1.09924
	 column predecoder delay (ns): 0.209553
	 column decoder delay (ns): 1.14774
	 datapath bus delay (ns): 1.09924
	 global dataline delay (ns): 0.563079
	 local dataline delay (ns): 0.569605
	 data buffer delay (ns): 6.00601
	 subarray output driver delay (ns): 0.279938

Energy Components:

	 row activation bus energy (nJ): 0.0338589
	 row predecoder energy (nJ): 0.000134988
	 row decoder energy (nJ): 0.00131998
	 local wordline energy (nJ): 0.00201571
	 bitline energy (nJ): 0.278943
	 sense amp energy (nJ): 0.0440763
	 column access bus energy (nJ): 0.0338589
	 column predecoder energy (nJ): 1.99249e-05
	 column decoder energy (nJ): 0.000166487
	 column selectline energy (nJ): 0.0278953
	 datapath bus energy (nJ): 0.33338
	 global dataline energy (nJ): 0.0389041
	 local dataline energy (nJ): 0.0990738
	 data buffer energy (nJ): 0.000865268

Area Components:

	 DRAM cell area (mm2): 10.5656
	 local WL driver area (mm2): 5.3644
	 subarray sense amp area (mm2): 5.45923
	 row predecoder/decoder area (mm2): 0.0813283
	 column predecoder/decoder area (mm2): 0.0015498
	 center stripe bus area (mm2): 0.296106
	 address bus area (mm2): 0
	 data bus area (mm2): 0.261749
	 data driver area (mm2): 0.0209547
	 IO secondary sense amp area (mm2): 0.0090112
	 TSV area (mm2): 0.036864

Wire Properties:

  Delay Optimal
	Repeater size - 198.79
	Repeater spacing - 0.36977 (mm)
	Delay - 0.174244 (ns/mm)
	PowerD - 0.000694374 (nJ/mm)
	PowerL - 6.66403e-06 (mW/mm)
	PowerLgate - 1.11561e-06 (mW/mm)
	Wire width - 0.08 microns
	Wire spacing - 0.08 microns

  5% Overhead
	Repeater size - 98.79
	Repeater spacing - 0.46977 (mm)
	Delay - 0.182942 (ns/mm)
	PowerD - 0.000433464 (nJ/mm)
	PowerL - 2.60676e-06 (mW/mm)
	PowerLgate - 4.36391e-07 (mW/mm)
	Wire width - 0.08 microns
	Wire spacing - 0.08 microns

  10% Overhead
	Repeater size - 91.79
	Repeater spacing - 0.56977 (mm)
	Delay - 0.191649 (ns/mm)
	PowerD - 0.00040743 (nJ/mm)
	PowerL - 1.99696e-06 (mW/mm)
	PowerLgate - 3.34306e-07 (mW/mm)
	Wire width - 0.08 microns
	Wire spacing - 0.08 microns

  20% Overhead
	Repeater size - 77.79
	Repeater spacing - 0.66977 (mm)
	Delay - 0.208289 (ns/mm)
	PowerD - 0.000377413 (nJ/mm)
	PowerL - 1.4397e-06 (mW/mm)
	PowerLgate - 2.41016e-07 (mW/mm)
	Wire width - 0.08 microns
	Wire spacing - 0.08 microns

  30% Overhead
	Repeater size - 62.79
	Repeater spacing - 0.66977 (mm)
	Delay - 0.225371 (ns/mm)
	PowerD - 0.000353534 (nJ/mm)
	PowerL - 1.16209e-06 (mW/mm)
	PowerLgate - 1.94542e-07 (mW/mm)
	Wire width - 0.08 microns
	Wire spacing - 0.08 microns

  Low-swing wire (1 mm) - Note: Unlike repeated wires,
	delay and power values of low-swing wires do not
	have a linear relationship with length.
	delay - 0.352588 (ns)
	powerD - 4.98848e-06 (nJ)
	PowerL - 1.24418e-10 (mW)
	PowerLgate - 3.76481e-11 (mW)
	Wire width - 1.6e-07 microns
	Wire spacing - 1.6e-07 microns


top 3 best memory configurations are:
Memory    cap: 4 GB num_bobs: 1 bw: 800 (MHz) cost: $40.38 energy: 22.5602 (nJ)
 {
 (0)  BoB       cap: 4 GB num_channels: 1 bw: 800 (MHz) cost: $40.38 energy: 22.5602 (nJ)
    ==============
    (0) cap: 4 GB bw: 800 (MHz) cost: $40.38 dpc: 1 energy: 22.5602 (nJ)  DIMM:  UDIMM  low power: F [ 1(4GB) 0(8GB) 0(16GB) 0(32GB) 0(64GB) ]
    ==============

 }

=============================================
