[Ramulator::LoadStoreStallTrace] [info] Frontend ticks at Clk=1000000
[Ramulator::LoadStoreStallTrace] [info] Frontend ticks at Clk=2000000
[Ramulator::LoadStoreStallTrace] [info] Frontend ticks at Clk=3000000
[Ramulator::LoadStoreStallTrace] [info] Frontend ticks at Clk=4000000
[Ramulator::LoadStoreStallTrace] [info] Frontend ticks at Clk=5000000
[Ramulator::LoadStoreStallTrace] [info] Frontend ticks at Clk=6000000
[Ramulator::LoadStoreStallTrace] [info] Frontend ticks at Clk=7000000
[Ramulator::LoadStoreStallTrace] [info] Frontend ticks at Clk=8000000
[Ramulator::LoadStoreStallTrace] [info] Frontend ticks at Clk=9000000
[Ramulator::LoadStoreStallTrace] [info] Frontend ticks at Clk=10000000
[Ramulator::LoadStoreStallTrace] [info] Frontend ticks at Clk=11000000
[Ramulator::LoadStoreStallTrace] [info] Frontend ticks at Clk=12000000
[Ramulator::LoadStoreStallTrace] [info] Frontend ticks at Clk=13000000
[Ramulator::LoadStoreStallTrace] [info] Frontend ticks at Clk=14000000
[Ramulator::LoadStoreStallTrace] [info] Frontend ticks at Clk=15000000
[Ramulator::LoadStoreStallTrace] [info] Frontend ticks at Clk=16000000
[Ramulator::LoadStoreStallTrace] [info] Frontend ticks at Clk=17000000
[Ramulator::LoadStoreStallTrace] [info] Frontend ticks at Clk=18000000
[Ramulator::LoadStoreStallTrace] [info] Frontend ticks at Clk=19000000
[Ramulator::LoadStoreStallTrace] [info] Frontend ticks at Clk=20000000
[Ramulator::LoadStoreStallTrace] [info] Frontend ticks at Clk=21000000
[Ramulator::LoadStoreStallTrace] [info] Frontend ticks at Clk=22000000
[Ramulator::LoadStoreStallTrace] [info] Frontend ticks at Clk=23000000
[Ramulator::LoadStoreStallTrace] [info] Frontend ticks at Clk=24000000
[Ramulator::LoadStoreStallTrace] [info] Frontend ticks at Clk=25000000
[Ramulator::LoadStoreStallTrace] [info] Frontend ticks at Clk=26000000
[Ramulator::LoadStoreStallTrace] [info] Frontend ticks at Clk=27000000
[Ramulator::LoadStoreStallTrace] [info] Frontend ticks at Clk=28000000
[Ramulator::LoadStoreStallTrace] [info] Frontend ticks at Clk=29000000
[Ramulator::LoadStoreStallTrace] [info] Frontend ticks at Clk=30000000
[Ramulator::LoadStoreStallTrace] [info] Frontend ticks at Clk=31000000
[Ramulator::LoadStoreStallTrace] [info] Frontend ticks at Clk=32000000
[Ramulator::LoadStoreStallTrace] [info] Frontend ticks at Clk=33000000
[Ramulator::LoadStoreStallTrace] [info] Frontend ticks at Clk=34000000
[Ramulator::LoadStoreStallTrace] [info] Frontend ticks at Clk=35000000
[Ramulator::LoadStoreStallTrace] [info] Frontend ticks at Clk=36000000
[Ramulator::LoadStoreStallTrace] [info] Frontend ticks at Clk=37000000
[Ramulator::LoadStoreStallTrace] [info] Frontend ticks at Clk=38000000
[Ramulator::LoadStoreStallTrace] [info] Frontend ticks at Clk=39000000
[Ramulator::LoadStoreStallTrace] [info] Frontend ticks at Clk=40000000
[Ramulator::LoadStoreStallTrace] [info] Frontend ticks at Clk=41000000
[Ramulator::LoadStoreStallTrace] [info] Frontend ticks at Clk=42000000
[Ramulator::LoadStoreStallTrace] [info] Frontend ticks at Clk=43000000
[Ramulator::LoadStoreStallTrace] [info] Frontend ticks at Clk=44000000
[Ramulator::LoadStoreStallTrace] [info] Frontend ticks at Clk=45000000
[Ramulator::LoadStoreStallTrace] [info] Frontend ticks at Clk=46000000
[Ramulator::LoadStoreStallTrace] [info] Frontend ticks at Clk=47000000
[Ramulator::LoadStoreStallTrace] [info] Frontend ticks at Clk=48000000
[Ramulator::LoadStoreStallTrace] [info] Frontend ticks at Clk=49000000
[Ramulator::LoadStoreStallTrace] [info] Frontend ticks at Clk=50000000
[Ramulator::LoadStoreStallTrace] [info] Frontend ticks at Clk=51000000
[Ramulator::LoadStoreStallTrace] [info] Frontend ticks at Clk=52000000
[Ramulator::LoadStoreStallTrace] [info] Frontend ticks at Clk=53000000
[Ramulator::LoadStoreStallTrace] [info] Frontend ticks at Clk=54000000
[Ramulator::LoadStoreStallTrace] [info] Frontend ticks at Clk=55000000
[Ramulator::LoadStoreStallTrace] [info] Frontend ticks at Clk=56000000
[Ramulator::LoadStoreStallTrace] [info] Frontend ticks at Clk=57000000
[Ramulator::LoadStoreStallTrace] [info] Frontend ticks at Clk=58000000
[Ramulator::LoadStoreStallTrace] [info] Frontend ticks at Clk=59000000
[Ramulator::LoadStoreStallTrace] [info] Frontend ticks at Clk=60000000
[Ramulator::LoadStoreStallTrace] [info] Frontend ticks at Clk=61000000
[Ramulator::LoadStoreStallTrace] [info] Frontend ticks at Clk=62000000
[Ramulator::LoadStoreStallTrace] [info] Frontend ticks at Clk=63000000
[Ramulator::LoadStoreStallTrace] [info] Frontend ticks at Clk=64000000
[Ramulator::LoadStoreStallTrace] [info] Frontend ticks at Clk=65000000
[Ramulator::LoadStoreStallTrace] [info] Frontend ticks at Clk=66000000
[Ramulator::LoadStoreStallTrace] [info] Frontend ticks at Clk=67000000
[Ramulator::LoadStoreStallTrace] [info] Frontend ticks at Clk=68000000
[Ramulator::LoadStoreStallTrace] [info] Frontend ticks at Clk=69000000
[Ramulator::LoadStoreStallTrace] [info] Frontend ticks at Clk=70000000
[Ramulator::LoadStoreStallTrace] [info] Frontend ticks at Clk=71000000
[Ramulator::LoadStoreStallTrace] [info] Frontend ticks at Clk=72000000
[Ramulator::LoadStoreStallTrace] [info] Frontend ticks at Clk=73000000
[Ramulator::LoadStoreStallTrace] [info] Frontend ticks at Clk=74000000
[Ramulator::LoadStoreStallTrace] [info] Frontend ticks at Clk=75000000
[Ramulator::LoadStoreStallTrace] [info] Frontend ticks at Clk=76000000
[Ramulator::LoadStoreStallTrace] [info] Frontend ticks at Clk=77000000
[Ramulator::LoadStoreStallTrace] [info] Frontend ticks at Clk=78000000
[Ramulator::LoadStoreStallTrace] [info] Frontend ticks at Clk=79000000
[Ramulator::LoadStoreStallTrace] [info] Frontend ticks at Clk=80000000
[Ramulator::LoadStoreStallTrace] [info] Frontend ticks at Clk=81000000
[Ramulator::LoadStoreStallTrace] [info] Frontend ticks at Clk=82000000
[Ramulator::LoadStoreStallTrace] [info] Frontend ticks at Clk=83000000
[Ramulator::LoadStoreStallTrace] [info] Frontend ticks at Clk=84000000
[Ramulator::LoadStoreStallTrace] [info] Frontend ticks at Clk=85000000
[Ramulator::LoadStoreStallTrace] [info] Frontend ticks at Clk=86000000
[Ramulator::LoadStoreStallTrace] [info] Frontend ticks at Clk=87000000
[Ramulator::LoadStoreStallTrace] [info] Frontend ticks at Clk=88000000
[Ramulator::LoadStoreStallTrace] [info] Frontend ticks at Clk=89000000
[Ramulator::LoadStoreStallTrace] [info] Frontend ticks at Clk=90000000
[Ramulator::LoadStoreStallTrace] [info] Frontend ticks at Clk=91000000
[Ramulator::LoadStoreStallTrace] [info] Frontend ticks at Clk=92000000
[Ramulator::LoadStoreStallTrace] [info] Frontend ticks at Clk=93000000
[Ramulator::LoadStoreStallTrace] [info] Frontend ticks at Clk=94000000
[Ramulator::LoadStoreStallTrace] [info] Frontend ticks at Clk=95000000
[Ramulator::LoadStoreStallTrace] [info] Frontend ticks at Clk=96000000
[Ramulator::LoadStoreStallTrace] [info] Frontend ticks at Clk=97000000
[Ramulator::LoadStoreStallTrace] [info] Frontend ticks at Clk=98000000
[Ramulator::LoadStoreStallTrace] [info] Frontend ticks at Clk=99000000
[Ramulator::LoadStoreStallTrace] [info] Frontend ticks at Clk=100000000
[Ramulator::LoadStoreStallTrace] [info] Frontend ticks at Clk=101000000
[Ramulator::LoadStoreStallTrace] [info] Frontend ticks at Clk=102000000
[Ramulator::LoadStoreStallTrace] [info] Frontend ticks at Clk=103000000
[Ramulator::LoadStoreStallTrace] [info] Frontend ticks at Clk=104000000
[Ramulator::LoadStoreStallTrace] [info] Frontend ticks at Clk=105000000
[Ramulator::LoadStoreStallTrace] [info] Frontend ticks at Clk=106000000
[Ramulator::LoadStoreStallTrace] [info] Frontend ticks at Clk=107000000
[Ramulator::LoadStoreStallTrace] [info] Frontend ticks at Clk=108000000
[Ramulator::LoadStoreStallTrace] [info] Frontend ticks at Clk=109000000
[Ramulator::LoadStoreStallTrace] [info] Frontend ticks at Clk=110000000
[Ramulator::LoadStoreStallTrace] [info] Frontend ticks at Clk=111000000
[Ramulator::LoadStoreStallTrace] [info] Frontend ticks at Clk=112000000
[Ramulator::LoadStoreStallTrace] [info] Frontend ticks at Clk=113000000
[Ramulator::LoadStoreStallTrace] [info] Frontend ticks at Clk=114000000
[Ramulator::LoadStoreStallTrace] [info] Frontend ticks at Clk=115000000
[Ramulator::LoadStoreStallTrace] [info] Frontend ticks at Clk=116000000
[Ramulator::LoadStoreStallTrace] [info] Frontend ticks at Clk=117000000
[Ramulator::LoadStoreStallTrace] [info] Frontend ticks at Clk=118000000
[Ramulator::LoadStoreStallTrace] [info] Frontend ticks at Clk=119000000
[Ramulator::LoadStoreStallTrace] [info] Frontend ticks at Clk=120000000
[Ramulator::LoadStoreStallTrace] [info] Frontend ticks at Clk=121000000
[Ramulator::LoadStoreStallTrace] [info] Frontend ticks at Clk=122000000
[Ramulator::LoadStoreStallTrace] [info] Frontend ticks at Clk=123000000
[Ramulator::LoadStoreStallTrace] [info] Frontend ticks at Clk=124000000
[Ramulator::LoadStoreStallTrace] [info] Frontend ticks at Clk=125000000
[Ramulator::LoadStoreStallTrace] [info] Frontend ticks at Clk=126000000
[Ramulator::LoadStoreStallTrace] [info] Frontend ticks at Clk=127000000
[Ramulator::LoadStoreStallTrace] [info] Frontend ticks at Clk=128000000
[Ramulator::LoadStoreStallTrace] [info] Frontend ticks at Clk=129000000
[Ramulator::LoadStoreStallTrace] [info] Frontend ticks at Clk=130000000
[Ramulator::LoadStoreStallTrace] [info] Frontend ticks at Clk=131000000
[Ramulator::LoadStoreStallTrace] [info] Frontend ticks at Clk=132000000
[Ramulator::LoadStoreStallTrace] [info] Frontend ticks at Clk=133000000
[Ramulator::LoadStoreStallTrace] [info] Frontend ticks at Clk=134000000
[Ramulator::LoadStoreStallTrace] [info] Frontend ticks at Clk=135000000
[Ramulator::LoadStoreStallTrace] [info] Frontend ticks at Clk=136000000
[Ramulator::LoadStoreStallTrace] [info] Frontend ticks at Clk=137000000
[Ramulator::LoadStoreStallTrace] [info] Frontend ticks at Clk=138000000
[Ramulator::LoadStoreStallTrace] [info] Frontend ticks at Clk=139000000
[Ramulator::LoadStoreStallTrace] [info] Frontend ticks at Clk=140000000
[Ramulator::LoadStoreStallTrace] [info] Frontend ticks at Clk=141000000
[Ramulator::LoadStoreStallTrace] [info] Frontend ticks at Clk=142000000
[Ramulator::LoadStoreStallTrace] [info] Frontend ticks at Clk=143000000
[Ramulator::LoadStoreStallTrace] [info] Frontend ticks at Clk=144000000
[Ramulator::LoadStoreStallTrace] [info] Frontend ticks at Clk=145000000
[Ramulator::LoadStoreStallTrace] [info] Frontend ticks at Clk=146000000
[Ramulator::LoadStoreStallTrace] [info] Frontend ticks at Clk=147000000
[Ramulator::LoadStoreStallTrace] [info] Frontend ticks at Clk=148000000
[Ramulator::LoadStoreStallTrace] [info] Frontend ticks at Clk=149000000
[Ramulator::LoadStoreStallTrace] [info] Frontend ticks at Clk=150000000
[Ramulator::LoadStoreStallTrace] [info] Frontend ticks at Clk=151000000
[Ramulator::LoadStoreStallTrace] [info] Frontend ticks at Clk=152000000
[Ramulator::LoadStoreStallTrace] [info] Frontend ticks at Clk=153000000
[Ramulator::LoadStoreStallTrace] [info] Frontend ticks at Clk=154000000
[Ramulator::LoadStoreStallTrace] [info] Frontend ticks at Clk=155000000
[Ramulator::LoadStoreStallTrace] [info] Frontend ticks at Clk=156000000
[Ramulator::LoadStoreStallTrace] [info] Frontend ticks at Clk=157000000
[Ramulator::LoadStoreStallTrace] [info] Frontend ticks at Clk=158000000
[Ramulator::LoadStoreStallTrace] [info] Frontend ticks at Clk=159000000
[Ramulator::LoadStoreStallTrace] [info] Frontend ticks at Clk=160000000
[Ramulator::LoadStoreStallTrace] [info] Frontend ticks at Clk=161000000
[Ramulator::LoadStoreStallTrace] [info] Frontend ticks at Clk=162000000
[Ramulator::LoadStoreStallTrace] [info] Frontend ticks at Clk=163000000
[Ramulator::LoadStoreStallTrace] [info] Frontend ticks at Clk=164000000
[Ramulator::LoadStoreStallTrace] [info] Frontend ticks at Clk=165000000
[Ramulator::LoadStoreStallTrace] [info] Frontend ticks at Clk=166000000
[Ramulator::LoadStoreStallTrace] [info] Frontend ticks at Clk=167000000
[Ramulator::LoadStoreStallTrace] [info] Frontend ticks at Clk=168000000
[Ramulator::LoadStoreStallTrace] [info] Frontend ticks at Clk=169000000
[Ramulator::LoadStoreStallTrace] [info] Frontend ticks at Clk=170000000
[Ramulator::LoadStoreStallTrace] [info] Frontend ticks at Clk=171000000
[Ramulator::LoadStoreStallTrace] [info] Frontend ticks at Clk=172000000
[Ramulator::LoadStoreStallTrace] [info] Frontend ticks at Clk=173000000
[Ramulator::LoadStoreStallTrace] [info] Frontend ticks at Clk=174000000
[Ramulator::LoadStoreStallTrace] [info] Frontend ticks at Clk=175000000
[Ramulator::LoadStoreStallTrace] [info] Frontend ticks at Clk=176000000
[Ramulator::LoadStoreStallTrace] [info] Frontend ticks at Clk=177000000
[Ramulator::LoadStoreStallTrace] [info] Frontend ticks at Clk=178000000
[Ramulator::LoadStoreStallTrace] [info] Frontend ticks at Clk=179000000
[Ramulator::LoadStoreStallTrace] [info] Frontend ticks at Clk=180000000
[Ramulator::LoadStoreStallTrace] [info] Frontend ticks at Clk=181000000
[Ramulator::LoadStoreStallTrace] [info] Frontend ticks at Clk=182000000
[Ramulator::LoadStoreStallTrace] [info] Frontend ticks at Clk=183000000
[Ramulator::LoadStoreStallTrace] [info] Frontend ticks at Clk=184000000
[Ramulator::LoadStoreStallTrace] [info] Frontend ticks at Clk=185000000
[Ramulator::LoadStoreStallTrace] [info] Frontend ticks at Clk=186000000
[Ramulator::LoadStoreStallTrace] [info] Frontend ticks at Clk=187000000
[Ramulator::LoadStoreStallTrace] [info] Frontend ticks at Clk=188000000
[Ramulator::LoadStoreStallTrace] [info] Frontend ticks at Clk=189000000
[Ramulator::LoadStoreStallTrace] [info] Frontend ticks at Clk=190000000
[Ramulator::LoadStoreStallTrace] [info] Frontend ticks at Clk=191000000
[Ramulator::LoadStoreStallTrace] [info] Frontend ticks at Clk=192000000
[Ramulator::LoadStoreStallTrace] [info] Frontend ticks at Clk=193000000
[Ramulator::LoadStoreStallTrace] [info] Frontend ticks at Clk=194000000
[Ramulator::LoadStoreStallTrace] [info] Frontend ticks at Clk=195000000
[Ramulator::LoadStoreStallTrace] [info] Frontend ticks at Clk=196000000
[Ramulator::LoadStoreStallTrace] [info] Frontend ticks at Clk=197000000
[Ramulator::LoadStoreStallTrace] [info] Frontend ticks at Clk=198000000
[Ramulator::LoadStoreStallTrace] [info] Frontend ticks at Clk=199000000
[Ramulator::LoadStoreStallTrace] [info] Frontend ticks at Clk=200000000
[Ramulator::LoadStoreStallTrace] [info] Frontend ticks at Clk=201000000
[Ramulator::LoadStoreStallTrace] [info] Frontend ticks at Clk=202000000
[Ramulator::LoadStoreStallTrace] [info] Frontend ticks at Clk=203000000
[Ramulator::LoadStoreStallTrace] [info] Frontend ticks at Clk=204000000
[Ramulator::LoadStoreStallTrace] [info] Frontend ticks at Clk=205000000
[Ramulator::LoadStoreStallTrace] [info] Frontend ticks at Clk=206000000
[Ramulator::LoadStoreStallTrace] [info] Frontend ticks at Clk=207000000
[Ramulator::LoadStoreStallTrace] [info] Frontend ticks at Clk=208000000
[Ramulator::LoadStoreStallTrace] [info] Frontend ticks at Clk=209000000
[Ramulator::LoadStoreStallTrace] [info] Frontend ticks at Clk=210000000
[Ramulator::LoadStoreStallTrace] [info] Frontend ticks at Clk=211000000
[Ramulator::LoadStoreStallTrace] [info] Frontend ticks at Clk=212000000
[Ramulator::LoadStoreStallTrace] [info] Frontend ticks at Clk=213000000
[Ramulator::LoadStoreStallTrace] [info] Frontend ticks at Clk=214000000
[Ramulator::LoadStoreStallTrace] [info] Frontend ticks at Clk=215000000
[Ramulator::LoadStoreStallTrace] [info] Frontend ticks at Clk=216000000
[Ramulator::LoadStoreStallTrace] [info] Frontend ticks at Clk=217000000
[Ramulator::LoadStoreStallTrace] [info] Frontend ticks at Clk=218000000
[Ramulator::LoadStoreStallTrace] [info] Frontend ticks at Clk=219000000
[Ramulator::LoadStoreStallTrace] [info] Frontend ticks at Clk=220000000
[Ramulator::LoadStoreStallTrace] [info] Frontend ticks at Clk=221000000
[Ramulator::LoadStoreStallTrace] [info] Frontend ticks at Clk=222000000
[Ramulator::LoadStoreStallTrace] [info] Frontend ticks at Clk=223000000
[Ramulator::LoadStoreStallTrace] [info] Frontend ticks at Clk=224000000
[Ramulator::LoadStoreStallTrace] [info] Frontend ticks at Clk=225000000
[Ramulator::LoadStoreStallTrace] [info] Frontend ticks at Clk=226000000
[Ramulator::LoadStoreStallTrace] [info] Frontend ticks at Clk=227000000
[Ramulator::LoadStoreStallTrace] [info] Frontend ticks at Clk=228000000
[Ramulator::LoadStoreStallTrace] [info] Frontend ticks at Clk=229000000
[Ramulator::LoadStoreStallTrace] [info] Frontend ticks at Clk=230000000
[Ramulator::LoadStoreStallTrace] [info] Frontend ticks at Clk=231000000
[Ramulator::LoadStoreStallTrace] [info] Frontend ticks at Clk=232000000
[Ramulator::LoadStoreStallTrace] [info] Frontend ticks at Clk=233000000
[Ramulator::LoadStoreStallTrace] [info] Frontend ticks at Clk=234000000
[Ramulator::LoadStoreStallTrace] [info] Frontend ticks at Clk=235000000
[Ramulator::LoadStoreStallTrace] [info] Frontend ticks at Clk=236000000
[Ramulator::LoadStoreStallTrace] [info] Frontend ticks at Clk=237000000
Frontend:
  impl: LoadStoreStallTrace
  average_bandwidth: 102.790932
  worst_bandwidth: .inf
  peak_bandwidth: -1

MemorySystem:
  impl: Global_Controller
  bandwidth_utilization: 0.832000017  # The bandwidth utilization in percentage
  worst_bandwidth: 0
  peak_bandwidth: 106.496002
  average_bandwidth: 0
  total_num_other_requests: 0
  total_num_write_requests: 1485836
  total_num_read_requests: 192395429
  memory_system_cycles: 237271347

  DRAM:
    impl: DDR4
    idle_cycles_rank3: 9218312
    act_background_energy_rank3: 13393774.691500001
    total_energy_rank3: 285423345.22123504
    total_cmd_energy_rank3: 271619355.64573503
    total_background_energy_rank3: 13803989.5755
    pre_background_energy_rank0: 409245.31800000003
    pre_background_energy_rank3: 410214.88400000002
    total_background_energy_rank2: 13830860.448000001
    total_cmd_energy_rank0: 271471845.56345701
    active_cycles_rank0: 225573600
    total_precharge_energy: 3558449.4366449998
    total_energy: 1141329782.1661181
    idle_cycles_rank0: 9196524
    total_energy_rank2: 285301835.96770906
    total_activation_energy: 4675847.1434929995
    total_refresh_energy: 3396175.8599999999
    total_energy_rank0: 285302720.08145702
    total_read_energy: 1066168889.57495
    total_background_energy_rank1: 13830870.197999999
    idle_cycles_rank1: 9196812
    total_background_energy_rank0: 13830874.517999999
    total_cmd_energy: 1086033187.4266181
    pre_background_energy_rank1: 409258.13400000002
    total_background_energy: 55296594.739500001
    act_background_energy_rank1: 13421612.063999999
    total_cmd_energy_rank1: 271471010.69771701
    total_energy_rank1: 285301880.89571702
    active_cycles_rank1: 225573312
    total_cmd_energy_rank2: 271470975.51970905
    act_background_energy_rank2: 13421573.389
    active_cycles_rank3: 225105457
    total_write_energy: 8233825.4115300002
    pre_background_energy_rank2: 409287.05900000001
    idle_cycles_rank2: 9197462
    act_background_energy_rank0: 13421629.199999999
    active_cycles_rank2: 225572662
  AddrMapper:
    impl: RoBaRaCoCh


  Controller:
    impl: BankLevelController
    id: Channel 0
    avg_read_latency_0: 10.2633896
    read_queue_len_avg_0: 1.62173712
    write_queue_len_0: 0
    queue_len_0: 384791752
    num_other_reqs_0: 0
    num_write_reqs_0: 629293
    read_latency_0: 650903881
    priority_queue_len_avg_0: 0
    row_hits_0: 45419171
    priority_queue_len_0: 0
    row_misses_0: 22948
    row_conflicts_0: 3028308
    read_row_misses_0: 22933
    queue_len_avg_0: 1.62173712
    read_row_conflicts_core_0: 3004982
    read_row_hits_0: 45071054
    write_queue_len_avg_0: 0
    read_row_conflicts_0: 3004982
    write_row_misses_0: 15
    write_row_conflicts_0: 23326
    read_queue_len_0: 384791752
    write_row_hits_0: 348117
    read_row_hits_core_0: 45071054
    read_row_misses_core_0: 22933
    num_read_reqs_0: 63419972
    Scheduler:
      impl: FCFS


    RefreshManager:
      impl: PartialRefresh
      "write_update_refresh_total_energy_cost: ": 0
      "write_update_refresh_num_of_compare: ": 23127
    RowPolicy:
      impl: OpenRowPolicy
    ControllerPlugin:
      impl: CommandCounter



  Controller:
    impl: BankLevelController
    id: Channel 1
    read_queue_len_avg_1: 1.62173176
    priority_queue_len_1: 0
    write_queue_len_1: 0
    num_write_reqs_1: 371620
    row_hits_1: 45418925
    row_misses_1: 22948
    avg_read_latency_1: 13.1413546
    queue_len_avg_1: 1.62173176
    read_queue_len_1: 384790472
    read_row_misses_1: 22933
    priority_queue_len_avg_1: 0
    read_row_hits_1: 45070809
    queue_len_1: 384790472
    read_row_conflicts_1: 3005067
    num_read_reqs_1: 49414594
    num_other_reqs_1: 0
    row_conflicts_1: 3028393
    write_row_hits_1: 348116
    write_queue_len_avg_1: 0
    write_row_misses_1: 15
    write_row_conflicts_1: 23326
    read_row_hits_core_0: 45070809
    read_row_misses_core_0: 22933
    read_latency_1: 649374672
    read_row_conflicts_core_0: 3005067
    Scheduler:
      impl: FCFS


    RefreshManager:
      impl: PartialRefresh
      "write_update_refresh_total_energy_cost: ": 0
      "write_update_refresh_num_of_compare: ": 23127
    RowPolicy:
      impl: OpenRowPolicy
    ControllerPlugin:
      impl: CommandCounter



  Controller:
    impl: BankLevelController
    id: Channel 2
    read_latency_2: 644578549
    queue_len_avg_2: 1.62173069
    priority_queue_len_2: 0
    read_queue_len_avg_2: 1.62173069
    write_queue_len_2: 0
    queue_len_2: 384790216
    num_write_reqs_2: 371711
    row_hits_2: 45418673
    avg_read_latency_2: 12.6757832
    write_queue_len_avg_2: 0
    num_other_reqs_2: 0
    row_misses_2: 22948
    write_row_hits_2: 348115
    row_conflicts_2: 3028612
    write_row_conflicts_2: 23326
    read_row_hits_2: 45070558
    read_row_misses_2: 22933
    read_row_conflicts_2: 3005286
    write_row_misses_2: 15
    read_row_conflicts_core_0: 3005286
    num_read_reqs_2: 50851183
    priority_queue_len_avg_2: 0
    read_row_hits_core_0: 45070558
    read_queue_len_2: 384790216
    read_row_misses_core_0: 22933
    Scheduler:
      impl: FCFS


    RefreshManager:
      impl: PartialRefresh
      "write_update_refresh_total_energy_cost: ": 0
      "write_update_refresh_num_of_compare: ": 23127
    RowPolicy:
      impl: OpenRowPolicy
    ControllerPlugin:
      impl: CommandCounter



  Controller:
    impl: BankLevelController
    id: Channel 3
    priority_queue_len_avg_3: 0
    write_queue_len_avg_3: 0
    queue_len_avg_3: 1.6217339
    avg_read_latency_3: 11.0276136
    priority_queue_len_3: 0
    read_queue_len_3: 384790992
    queue_len_3: 384790992
    num_write_reqs_3: 601137
    row_hits_3: 45414640
    row_conflicts_3: 3028649
    read_row_misses_3: 27025
    read_row_hits_3: 45066524
    write_row_conflicts_3: 23324
    read_row_conflicts_3: 3005325
    row_misses_3: 27043
    write_row_hits_3: 348116
    write_row_misses_3: 18
    read_row_hits_core_0: 45066524
    num_other_reqs_3: 0
    read_row_misses_core_0: 27025
    read_row_conflicts_core_0: 3005325
    read_latency_3: 784028511
    read_queue_len_avg_3: 1.6217339
    write_queue_len_3: 0
    num_read_reqs_3: 71096837
    Scheduler:
      impl: FCFS


    RefreshManager:
      impl: PartialRefresh
      "write_update_refresh_total_energy_cost: ": 0
      "write_update_refresh_num_of_compare: ": 23128
    RowPolicy:
      impl: OpenRowPolicy
    ControllerPlugin:
      impl: CommandCounter
