[Ramulator::LoadStoreStallTrace] [info] Frontend ticks at Clk=1000000
[Ramulator::LoadStoreStallTrace] [info] Frontend ticks at Clk=2000000
[Ramulator::LoadStoreStallTrace] [info] Frontend ticks at Clk=3000000
[Ramulator::LoadStoreStallTrace] [info] Frontend ticks at Clk=4000000
[Ramulator::LoadStoreStallTrace] [info] Frontend ticks at Clk=5000000
[Ramulator::LoadStoreStallTrace] [info] Frontend ticks at Clk=6000000
[Ramulator::LoadStoreStallTrace] [info] Frontend ticks at Clk=7000000
[Ramulator::LoadStoreStallTrace] [info] Frontend ticks at Clk=8000000
[Ramulator::LoadStoreStallTrace] [info] Frontend ticks at Clk=9000000
[Ramulator::LoadStoreStallTrace] [info] Frontend ticks at Clk=10000000
[Ramulator::LoadStoreStallTrace] [info] Frontend ticks at Clk=11000000
[Ramulator::LoadStoreStallTrace] [info] Frontend ticks at Clk=12000000
[Ramulator::LoadStoreStallTrace] [info] Frontend ticks at Clk=13000000
[Ramulator::LoadStoreStallTrace] [info] Frontend ticks at Clk=14000000
[Ramulator::LoadStoreStallTrace] [info] Frontend ticks at Clk=15000000
[Ramulator::LoadStoreStallTrace] [info] Frontend ticks at Clk=16000000
[Ramulator::LoadStoreStallTrace] [info] Frontend ticks at Clk=17000000
[Ramulator::LoadStoreStallTrace] [info] Frontend ticks at Clk=18000000
[Ramulator::LoadStoreStallTrace] [info] Frontend ticks at Clk=19000000
[Ramulator::LoadStoreStallTrace] [info] Frontend ticks at Clk=20000000
[Ramulator::LoadStoreStallTrace] [info] Frontend ticks at Clk=21000000
[Ramulator::LoadStoreStallTrace] [info] Frontend ticks at Clk=22000000
[Ramulator::LoadStoreStallTrace] [info] Frontend ticks at Clk=23000000
[Ramulator::LoadStoreStallTrace] [info] Frontend ticks at Clk=24000000
[Ramulator::LoadStoreStallTrace] [info] Frontend ticks at Clk=25000000
[Ramulator::LoadStoreStallTrace] [info] Frontend ticks at Clk=26000000
[Ramulator::LoadStoreStallTrace] [info] Frontend ticks at Clk=27000000
[Ramulator::LoadStoreStallTrace] [info] Frontend ticks at Clk=28000000
[Ramulator::LoadStoreStallTrace] [info] Frontend ticks at Clk=29000000
[Ramulator::LoadStoreStallTrace] [info] Frontend ticks at Clk=30000000
[Ramulator::LoadStoreStallTrace] [info] Frontend ticks at Clk=31000000
[Ramulator::LoadStoreStallTrace] [info] Frontend ticks at Clk=32000000
[Ramulator::LoadStoreStallTrace] [info] Frontend ticks at Clk=33000000
[Ramulator::LoadStoreStallTrace] [info] Frontend ticks at Clk=34000000
[Ramulator::LoadStoreStallTrace] [info] Frontend ticks at Clk=35000000
[Ramulator::LoadStoreStallTrace] [info] Frontend ticks at Clk=36000000
[Ramulator::LoadStoreStallTrace] [info] Frontend ticks at Clk=37000000
[Ramulator::LoadStoreStallTrace] [info] Frontend ticks at Clk=38000000
[Ramulator::LoadStoreStallTrace] [info] Frontend ticks at Clk=39000000
[Ramulator::LoadStoreStallTrace] [info] Frontend ticks at Clk=40000000
[Ramulator::LoadStoreStallTrace] [info] Frontend ticks at Clk=41000000
[Ramulator::LoadStoreStallTrace] [info] Frontend ticks at Clk=42000000
[Ramulator::LoadStoreStallTrace] [info] Frontend ticks at Clk=43000000
[Ramulator::LoadStoreStallTrace] [info] Frontend ticks at Clk=44000000
[Ramulator::LoadStoreStallTrace] [info] Frontend ticks at Clk=45000000
[Ramulator::LoadStoreStallTrace] [info] Frontend ticks at Clk=46000000
[Ramulator::LoadStoreStallTrace] [info] Frontend ticks at Clk=47000000
[Ramulator::LoadStoreStallTrace] [info] Frontend ticks at Clk=48000000
[Ramulator::LoadStoreStallTrace] [info] Frontend ticks at Clk=49000000
[Ramulator::LoadStoreStallTrace] [info] Frontend ticks at Clk=50000000
[Ramulator::LoadStoreStallTrace] [info] Frontend ticks at Clk=51000000
[Ramulator::LoadStoreStallTrace] [info] Frontend ticks at Clk=52000000
[Ramulator::LoadStoreStallTrace] [info] Frontend ticks at Clk=53000000
[Ramulator::LoadStoreStallTrace] [info] Frontend ticks at Clk=54000000
[Ramulator::LoadStoreStallTrace] [info] Frontend ticks at Clk=55000000
[Ramulator::LoadStoreStallTrace] [info] Frontend ticks at Clk=56000000
[Ramulator::LoadStoreStallTrace] [info] Frontend ticks at Clk=57000000
[Ramulator::LoadStoreStallTrace] [info] Frontend ticks at Clk=58000000
[Ramulator::LoadStoreStallTrace] [info] Frontend ticks at Clk=59000000
[Ramulator::LoadStoreStallTrace] [info] Frontend ticks at Clk=60000000
[Ramulator::LoadStoreStallTrace] [info] Frontend ticks at Clk=61000000
[Ramulator::LoadStoreStallTrace] [info] Frontend ticks at Clk=62000000
[Ramulator::LoadStoreStallTrace] [info] Frontend ticks at Clk=63000000
[Ramulator::LoadStoreStallTrace] [info] Frontend ticks at Clk=64000000
[Ramulator::LoadStoreStallTrace] [info] Frontend ticks at Clk=65000000
[Ramulator::LoadStoreStallTrace] [info] Frontend ticks at Clk=66000000
[Ramulator::LoadStoreStallTrace] [info] Frontend ticks at Clk=67000000
[Ramulator::LoadStoreStallTrace] [info] Frontend ticks at Clk=68000000
[Ramulator::LoadStoreStallTrace] [info] Frontend ticks at Clk=69000000
[Ramulator::LoadStoreStallTrace] [info] Frontend ticks at Clk=70000000
[Ramulator::LoadStoreStallTrace] [info] Frontend ticks at Clk=71000000
[Ramulator::LoadStoreStallTrace] [info] Frontend ticks at Clk=72000000
[Ramulator::LoadStoreStallTrace] [info] Frontend ticks at Clk=73000000
[Ramulator::LoadStoreStallTrace] [info] Frontend ticks at Clk=74000000
[Ramulator::LoadStoreStallTrace] [info] Frontend ticks at Clk=75000000
[Ramulator::LoadStoreStallTrace] [info] Frontend ticks at Clk=76000000
[Ramulator::LoadStoreStallTrace] [info] Frontend ticks at Clk=77000000
[Ramulator::LoadStoreStallTrace] [info] Frontend ticks at Clk=78000000
[Ramulator::LoadStoreStallTrace] [info] Frontend ticks at Clk=79000000
[Ramulator::LoadStoreStallTrace] [info] Frontend ticks at Clk=80000000
[Ramulator::LoadStoreStallTrace] [info] Frontend ticks at Clk=81000000
[Ramulator::LoadStoreStallTrace] [info] Frontend ticks at Clk=82000000
[Ramulator::LoadStoreStallTrace] [info] Frontend ticks at Clk=83000000
[Ramulator::LoadStoreStallTrace] [info] Frontend ticks at Clk=84000000
[Ramulator::LoadStoreStallTrace] [info] Frontend ticks at Clk=85000000
[Ramulator::LoadStoreStallTrace] [info] Frontend ticks at Clk=86000000
[Ramulator::LoadStoreStallTrace] [info] Frontend ticks at Clk=87000000
[Ramulator::LoadStoreStallTrace] [info] Frontend ticks at Clk=88000000
[Ramulator::LoadStoreStallTrace] [info] Frontend ticks at Clk=89000000
[Ramulator::LoadStoreStallTrace] [info] Frontend ticks at Clk=90000000
[Ramulator::LoadStoreStallTrace] [info] Frontend ticks at Clk=91000000
[Ramulator::LoadStoreStallTrace] [info] Frontend ticks at Clk=92000000
[Ramulator::LoadStoreStallTrace] [info] Frontend ticks at Clk=93000000
[Ramulator::LoadStoreStallTrace] [info] Frontend ticks at Clk=94000000
[Ramulator::LoadStoreStallTrace] [info] Frontend ticks at Clk=95000000
[Ramulator::LoadStoreStallTrace] [info] Frontend ticks at Clk=96000000
[Ramulator::LoadStoreStallTrace] [info] Frontend ticks at Clk=97000000
[Ramulator::LoadStoreStallTrace] [info] Frontend ticks at Clk=98000000
[Ramulator::LoadStoreStallTrace] [info] Frontend ticks at Clk=99000000
[Ramulator::LoadStoreStallTrace] [info] Frontend ticks at Clk=100000000
[Ramulator::LoadStoreStallTrace] [info] Frontend ticks at Clk=101000000
[Ramulator::LoadStoreStallTrace] [info] Frontend ticks at Clk=102000000
[Ramulator::LoadStoreStallTrace] [info] Frontend ticks at Clk=103000000
[Ramulator::LoadStoreStallTrace] [info] Frontend ticks at Clk=104000000
[Ramulator::LoadStoreStallTrace] [info] Frontend ticks at Clk=105000000
[Ramulator::LoadStoreStallTrace] [info] Frontend ticks at Clk=106000000
[Ramulator::LoadStoreStallTrace] [info] Frontend ticks at Clk=107000000
[Ramulator::LoadStoreStallTrace] [info] Frontend ticks at Clk=108000000
[Ramulator::LoadStoreStallTrace] [info] Frontend ticks at Clk=109000000
[Ramulator::LoadStoreStallTrace] [info] Frontend ticks at Clk=110000000
[Ramulator::LoadStoreStallTrace] [info] Frontend ticks at Clk=111000000
[Ramulator::LoadStoreStallTrace] [info] Frontend ticks at Clk=112000000
[Ramulator::LoadStoreStallTrace] [info] Frontend ticks at Clk=113000000
[Ramulator::LoadStoreStallTrace] [info] Frontend ticks at Clk=114000000
[Ramulator::LoadStoreStallTrace] [info] Frontend ticks at Clk=115000000
[Ramulator::LoadStoreStallTrace] [info] Frontend ticks at Clk=116000000
[Ramulator::LoadStoreStallTrace] [info] Frontend ticks at Clk=117000000
[Ramulator::LoadStoreStallTrace] [info] Frontend ticks at Clk=118000000
[Ramulator::LoadStoreStallTrace] [info] Frontend ticks at Clk=119000000
[Ramulator::LoadStoreStallTrace] [info] Frontend ticks at Clk=120000000
[Ramulator::LoadStoreStallTrace] [info] Frontend ticks at Clk=121000000
[Ramulator::LoadStoreStallTrace] [info] Frontend ticks at Clk=122000000
[Ramulator::LoadStoreStallTrace] [info] Frontend ticks at Clk=123000000
[Ramulator::LoadStoreStallTrace] [info] Frontend ticks at Clk=124000000
[Ramulator::LoadStoreStallTrace] [info] Frontend ticks at Clk=125000000
[Ramulator::LoadStoreStallTrace] [info] Frontend ticks at Clk=126000000
[Ramulator::LoadStoreStallTrace] [info] Frontend ticks at Clk=127000000
[Ramulator::LoadStoreStallTrace] [info] Frontend ticks at Clk=128000000
[Ramulator::LoadStoreStallTrace] [info] Frontend ticks at Clk=129000000
[Ramulator::LoadStoreStallTrace] [info] Frontend ticks at Clk=130000000
[Ramulator::LoadStoreStallTrace] [info] Frontend ticks at Clk=131000000
[Ramulator::LoadStoreStallTrace] [info] Frontend ticks at Clk=132000000
[Ramulator::LoadStoreStallTrace] [info] Frontend ticks at Clk=133000000
[Ramulator::LoadStoreStallTrace] [info] Frontend ticks at Clk=134000000
[Ramulator::LoadStoreStallTrace] [info] Frontend ticks at Clk=135000000
[Ramulator::LoadStoreStallTrace] [info] Frontend ticks at Clk=136000000
[Ramulator::LoadStoreStallTrace] [info] Frontend ticks at Clk=137000000
[Ramulator::LoadStoreStallTrace] [info] Frontend ticks at Clk=138000000
[Ramulator::LoadStoreStallTrace] [info] Frontend ticks at Clk=139000000
[Ramulator::LoadStoreStallTrace] [info] Frontend ticks at Clk=140000000
[Ramulator::LoadStoreStallTrace] [info] Frontend ticks at Clk=141000000
[Ramulator::LoadStoreStallTrace] [info] Frontend ticks at Clk=142000000
[Ramulator::LoadStoreStallTrace] [info] Frontend ticks at Clk=143000000
[Ramulator::LoadStoreStallTrace] [info] Frontend ticks at Clk=144000000
[Ramulator::LoadStoreStallTrace] [info] Frontend ticks at Clk=145000000
[Ramulator::LoadStoreStallTrace] [info] Frontend ticks at Clk=146000000
[Ramulator::LoadStoreStallTrace] [info] Frontend ticks at Clk=147000000
[Ramulator::LoadStoreStallTrace] [info] Frontend ticks at Clk=148000000
[Ramulator::LoadStoreStallTrace] [info] Frontend ticks at Clk=149000000
[Ramulator::LoadStoreStallTrace] [info] Frontend ticks at Clk=150000000
[Ramulator::LoadStoreStallTrace] [info] Frontend ticks at Clk=151000000
[Ramulator::LoadStoreStallTrace] [info] Frontend ticks at Clk=152000000
[Ramulator::LoadStoreStallTrace] [info] Frontend ticks at Clk=153000000
[Ramulator::LoadStoreStallTrace] [info] Frontend ticks at Clk=154000000
[Ramulator::LoadStoreStallTrace] [info] Frontend ticks at Clk=155000000
[Ramulator::LoadStoreStallTrace] [info] Frontend ticks at Clk=156000000
[Ramulator::LoadStoreStallTrace] [info] Frontend ticks at Clk=157000000
[Ramulator::LoadStoreStallTrace] [info] Frontend ticks at Clk=158000000
[Ramulator::LoadStoreStallTrace] [info] Frontend ticks at Clk=159000000
[Ramulator::LoadStoreStallTrace] [info] Frontend ticks at Clk=160000000
[Ramulator::LoadStoreStallTrace] [info] Frontend ticks at Clk=161000000
[Ramulator::LoadStoreStallTrace] [info] Frontend ticks at Clk=162000000
[Ramulator::LoadStoreStallTrace] [info] Frontend ticks at Clk=163000000
[Ramulator::LoadStoreStallTrace] [info] Frontend ticks at Clk=164000000
[Ramulator::LoadStoreStallTrace] [info] Frontend ticks at Clk=165000000
[Ramulator::LoadStoreStallTrace] [info] Frontend ticks at Clk=166000000
[Ramulator::LoadStoreStallTrace] [info] Frontend ticks at Clk=167000000
[Ramulator::LoadStoreStallTrace] [info] Frontend ticks at Clk=168000000
[Ramulator::LoadStoreStallTrace] [info] Frontend ticks at Clk=169000000
[Ramulator::LoadStoreStallTrace] [info] Frontend ticks at Clk=170000000
[Ramulator::LoadStoreStallTrace] [info] Frontend ticks at Clk=171000000
[Ramulator::LoadStoreStallTrace] [info] Frontend ticks at Clk=172000000
[Ramulator::LoadStoreStallTrace] [info] Frontend ticks at Clk=173000000
[Ramulator::LoadStoreStallTrace] [info] Frontend ticks at Clk=174000000
[Ramulator::LoadStoreStallTrace] [info] Frontend ticks at Clk=175000000
[Ramulator::LoadStoreStallTrace] [info] Frontend ticks at Clk=176000000
[Ramulator::LoadStoreStallTrace] [info] Frontend ticks at Clk=177000000
[Ramulator::LoadStoreStallTrace] [info] Frontend ticks at Clk=178000000
[Ramulator::LoadStoreStallTrace] [info] Frontend ticks at Clk=179000000
[Ramulator::LoadStoreStallTrace] [info] Frontend ticks at Clk=180000000
[Ramulator::LoadStoreStallTrace] [info] Frontend ticks at Clk=181000000
[Ramulator::LoadStoreStallTrace] [info] Frontend ticks at Clk=182000000
[Ramulator::LoadStoreStallTrace] [info] Frontend ticks at Clk=183000000
[Ramulator::LoadStoreStallTrace] [info] Frontend ticks at Clk=184000000
[Ramulator::LoadStoreStallTrace] [info] Frontend ticks at Clk=185000000
[Ramulator::LoadStoreStallTrace] [info] Frontend ticks at Clk=186000000
[Ramulator::LoadStoreStallTrace] [info] Frontend ticks at Clk=187000000
[Ramulator::LoadStoreStallTrace] [info] Frontend ticks at Clk=188000000
[Ramulator::LoadStoreStallTrace] [info] Frontend ticks at Clk=189000000
[Ramulator::LoadStoreStallTrace] [info] Frontend ticks at Clk=190000000
[Ramulator::LoadStoreStallTrace] [info] Frontend ticks at Clk=191000000
[Ramulator::LoadStoreStallTrace] [info] Frontend ticks at Clk=192000000
[Ramulator::LoadStoreStallTrace] [info] Frontend ticks at Clk=193000000
[Ramulator::LoadStoreStallTrace] [info] Frontend ticks at Clk=194000000
[Ramulator::LoadStoreStallTrace] [info] Frontend ticks at Clk=195000000
[Ramulator::LoadStoreStallTrace] [info] Frontend ticks at Clk=196000000
[Ramulator::LoadStoreStallTrace] [info] Frontend ticks at Clk=197000000
[Ramulator::LoadStoreStallTrace] [info] Frontend ticks at Clk=198000000
[Ramulator::LoadStoreStallTrace] [info] Frontend ticks at Clk=199000000
[Ramulator::LoadStoreStallTrace] [info] Frontend ticks at Clk=200000000
[Ramulator::LoadStoreStallTrace] [info] Frontend ticks at Clk=201000000
[Ramulator::LoadStoreStallTrace] [info] Frontend ticks at Clk=202000000
[Ramulator::LoadStoreStallTrace] [info] Frontend ticks at Clk=203000000
[Ramulator::LoadStoreStallTrace] [info] Frontend ticks at Clk=204000000
[Ramulator::LoadStoreStallTrace] [info] Frontend ticks at Clk=205000000
[Ramulator::LoadStoreStallTrace] [info] Frontend ticks at Clk=206000000
[Ramulator::LoadStoreStallTrace] [info] Frontend ticks at Clk=207000000
[Ramulator::LoadStoreStallTrace] [info] Frontend ticks at Clk=208000000
[Ramulator::LoadStoreStallTrace] [info] Frontend ticks at Clk=209000000
[Ramulator::LoadStoreStallTrace] [info] Frontend ticks at Clk=210000000
[Ramulator::LoadStoreStallTrace] [info] Frontend ticks at Clk=211000000
[Ramulator::LoadStoreStallTrace] [info] Frontend ticks at Clk=212000000
[Ramulator::LoadStoreStallTrace] [info] Frontend ticks at Clk=213000000
[Ramulator::LoadStoreStallTrace] [info] Frontend ticks at Clk=214000000
[Ramulator::LoadStoreStallTrace] [info] Frontend ticks at Clk=215000000
[Ramulator::LoadStoreStallTrace] [info] Frontend ticks at Clk=216000000
[Ramulator::LoadStoreStallTrace] [info] Frontend ticks at Clk=217000000
[Ramulator::LoadStoreStallTrace] [info] Frontend ticks at Clk=218000000
[Ramulator::LoadStoreStallTrace] [info] Frontend ticks at Clk=219000000
[Ramulator::LoadStoreStallTrace] [info] Frontend ticks at Clk=220000000
[Ramulator::LoadStoreStallTrace] [info] Frontend ticks at Clk=221000000
[Ramulator::LoadStoreStallTrace] [info] Frontend ticks at Clk=222000000
[Ramulator::LoadStoreStallTrace] [info] Frontend ticks at Clk=223000000
[Ramulator::LoadStoreStallTrace] [info] Frontend ticks at Clk=224000000
[Ramulator::LoadStoreStallTrace] [info] Frontend ticks at Clk=225000000
[Ramulator::LoadStoreStallTrace] [info] Frontend ticks at Clk=226000000
[Ramulator::LoadStoreStallTrace] [info] Frontend ticks at Clk=227000000
[Ramulator::LoadStoreStallTrace] [info] Frontend ticks at Clk=228000000
[Ramulator::LoadStoreStallTrace] [info] Frontend ticks at Clk=229000000
[Ramulator::LoadStoreStallTrace] [info] Frontend ticks at Clk=230000000
[Ramulator::LoadStoreStallTrace] [info] Frontend ticks at Clk=231000000
[Ramulator::LoadStoreStallTrace] [info] Frontend ticks at Clk=232000000
[Ramulator::LoadStoreStallTrace] [info] Frontend ticks at Clk=233000000
[Ramulator::LoadStoreStallTrace] [info] Frontend ticks at Clk=234000000
[Ramulator::LoadStoreStallTrace] [info] Frontend ticks at Clk=235000000
[Ramulator::LoadStoreStallTrace] [info] Frontend ticks at Clk=236000000
[Ramulator::LoadStoreStallTrace] [info] Frontend ticks at Clk=237000000
[Ramulator::LoadStoreStallTrace] [info] Frontend ticks at Clk=238000000
[Ramulator::LoadStoreStallTrace] [info] Frontend ticks at Clk=239000000
[Ramulator::LoadStoreStallTrace] [info] Frontend ticks at Clk=240000000
[Ramulator::LoadStoreStallTrace] [info] Frontend ticks at Clk=241000000
[Ramulator::LoadStoreStallTrace] [info] Frontend ticks at Clk=242000000
[Ramulator::LoadStoreStallTrace] [info] Frontend ticks at Clk=243000000
[Ramulator::LoadStoreStallTrace] [info] Frontend ticks at Clk=244000000
[Ramulator::LoadStoreStallTrace] [info] Frontend ticks at Clk=245000000
[Ramulator::LoadStoreStallTrace] [info] Frontend ticks at Clk=246000000
[Ramulator::LoadStoreStallTrace] [info] Frontend ticks at Clk=247000000
[Ramulator::LoadStoreStallTrace] [info] Frontend ticks at Clk=248000000
[Ramulator::LoadStoreStallTrace] [info] Frontend ticks at Clk=249000000
[Ramulator::LoadStoreStallTrace] [info] Frontend ticks at Clk=250000000
[Ramulator::LoadStoreStallTrace] [info] Frontend ticks at Clk=251000000
[Ramulator::LoadStoreStallTrace] [info] Frontend ticks at Clk=252000000
[Ramulator::LoadStoreStallTrace] [info] Frontend ticks at Clk=253000000
[Ramulator::LoadStoreStallTrace] [info] Frontend ticks at Clk=254000000
[Ramulator::LoadStoreStallTrace] [info] Frontend ticks at Clk=255000000
[Ramulator::LoadStoreStallTrace] [info] Frontend ticks at Clk=256000000
[Ramulator::LoadStoreStallTrace] [info] Frontend ticks at Clk=257000000
[Ramulator::LoadStoreStallTrace] [info] Frontend ticks at Clk=258000000
[Ramulator::LoadStoreStallTrace] [info] Frontend ticks at Clk=259000000
[Ramulator::LoadStoreStallTrace] [info] Frontend ticks at Clk=260000000
[Ramulator::LoadStoreStallTrace] [info] Frontend ticks at Clk=261000000
[Ramulator::LoadStoreStallTrace] [info] Frontend ticks at Clk=262000000
[Ramulator::LoadStoreStallTrace] [info] Frontend ticks at Clk=263000000
[Ramulator::LoadStoreStallTrace] [info] Frontend ticks at Clk=264000000
[Ramulator::LoadStoreStallTrace] [info] Frontend ticks at Clk=265000000
[Ramulator::LoadStoreStallTrace] [info] Frontend ticks at Clk=266000000
[Ramulator::LoadStoreStallTrace] [info] Frontend ticks at Clk=267000000
[Ramulator::LoadStoreStallTrace] [info] Frontend ticks at Clk=268000000
[Ramulator::LoadStoreStallTrace] [info] Frontend ticks at Clk=269000000
[Ramulator::LoadStoreStallTrace] [info] Frontend ticks at Clk=270000000
[Ramulator::LoadStoreStallTrace] [info] Frontend ticks at Clk=271000000
[Ramulator::LoadStoreStallTrace] [info] Frontend ticks at Clk=272000000
[Ramulator::LoadStoreStallTrace] [info] Frontend ticks at Clk=273000000
[Ramulator::LoadStoreStallTrace] [info] Frontend ticks at Clk=274000000
[Ramulator::LoadStoreStallTrace] [info] Frontend ticks at Clk=275000000
[Ramulator::LoadStoreStallTrace] [info] Frontend ticks at Clk=276000000
[Ramulator::LoadStoreStallTrace] [info] Frontend ticks at Clk=277000000
[Ramulator::LoadStoreStallTrace] [info] Frontend ticks at Clk=278000000
[Ramulator::LoadStoreStallTrace] [info] Frontend ticks at Clk=279000000
[Ramulator::LoadStoreStallTrace] [info] Frontend ticks at Clk=280000000
[Ramulator::LoadStoreStallTrace] [info] Frontend ticks at Clk=281000000
[Ramulator::LoadStoreStallTrace] [info] Frontend ticks at Clk=282000000
[Ramulator::LoadStoreStallTrace] [info] Frontend ticks at Clk=283000000
[Ramulator::LoadStoreStallTrace] [info] Frontend ticks at Clk=284000000
[Ramulator::LoadStoreStallTrace] [info] Frontend ticks at Clk=285000000
[Ramulator::LoadStoreStallTrace] [info] Frontend ticks at Clk=286000000
[Ramulator::LoadStoreStallTrace] [info] Frontend ticks at Clk=287000000
[Ramulator::LoadStoreStallTrace] [info] Frontend ticks at Clk=288000000
[Ramulator::LoadStoreStallTrace] [info] Frontend ticks at Clk=289000000
[Ramulator::LoadStoreStallTrace] [info] Frontend ticks at Clk=290000000
[Ramulator::LoadStoreStallTrace] [info] Frontend ticks at Clk=291000000
[Ramulator::LoadStoreStallTrace] [info] Frontend ticks at Clk=292000000
[Ramulator::LoadStoreStallTrace] [info] Frontend ticks at Clk=293000000
[Ramulator::LoadStoreStallTrace] [info] Frontend ticks at Clk=294000000
[Ramulator::LoadStoreStallTrace] [info] Frontend ticks at Clk=295000000
[Ramulator::LoadStoreStallTrace] [info] Frontend ticks at Clk=296000000
[Ramulator::LoadStoreStallTrace] [info] Frontend ticks at Clk=297000000
[Ramulator::LoadStoreStallTrace] [info] Frontend ticks at Clk=298000000
Frontend:
  impl: LoadStoreStallTrace
  average_bandwidth: 82.4621048
  worst_bandwidth: .inf
  peak_bandwidth: -1

MemorySystem:
  impl: Global_Controller
  bandwidth_utilization: 0.661800027  # The bandwidth utilization in percentage
  worst_bandwidth: 0
  peak_bandwidth: 84.7104034
  average_bandwidth: 0
  total_num_other_requests: 0
  total_num_write_requests: 1485836
  total_num_read_requests: 192395429
  memory_system_cycles: 298641611

  DRAM:
    impl: DDR4
    idle_cycles_rank3: 49455195
    act_background_energy_rank3: 14329971.074999999
    total_energy_rank3: 311798019.15288997
    total_cmd_energy_rank3: 295267291.90038997
    total_background_energy_rank3: 16530727.252499999
    pre_background_energy_rank0: 2200693.21
    pre_background_energy_rank3: 2200756.1775000002
    total_background_energy_rank2: 16530748.3125
    total_cmd_energy_rank0: 295267244.45703995
    active_cycles_rank0: 240841265
    total_precharge_energy: 26515892.168010004
    total_energy: 1247190315.14446
    idle_cycles_rank0: 49453780
    total_energy_rank2: 311797105.03839999
    total_activation_energy: 27760665.855180003
    total_refresh_energy: 10849004.32
    total_energy_rank0: 311797992.93453997
    total_read_energy: 1107389610.2382002
    total_background_energy_rank1: 16530739.387499999
    idle_cycles_rank1: 49454386
    total_background_energy_rank0: 16530748.477499999
    total_cmd_energy: 1181067351.7144599
    pre_background_energy_rank1: 2200720.1770000001
    total_background_energy: 66122963.429999992
    act_background_energy_rank1: 14330019.2105
    total_cmd_energy_rank1: 295266458.63112998
    total_energy_rank1: 311797198.01862997
    active_cycles_rank1: 240840659
    total_cmd_energy_rank2: 295266356.72589999
    act_background_energy_rank2: 14330054.613
    active_cycles_rank3: 240839850
    total_write_energy: 8552179.1330699995
    pre_background_energy_rank2: 2200693.6995000001
    idle_cycles_rank2: 49453791
    act_background_energy_rank0: 14330055.2675
    active_cycles_rank2: 240841254
  AddrMapper:
    impl: RoBaRaCoCh


  Controller:
    impl: BankLevelController
    id: Channel 0
    avg_read_latency_0: 6.48042059
    read_queue_len_avg_0: 1.28847337
    write_queue_len_0: 0
    queue_len_0: 384791752
    num_other_reqs_0: 0
    num_write_reqs_0: 1079647
    read_latency_0: 949927034
    priority_queue_len_avg_0: 0
    row_hits_0: 45387854
    priority_queue_len_0: 0
    row_misses_0: 76575
    row_conflicts_0: 3005998
    read_row_misses_0: 75892
    queue_len_avg_0: 1.28847337
    read_row_conflicts_core_0: 2982755
    read_row_hits_0: 45040322
    write_queue_len_avg_0: 0
    read_row_conflicts_0: 2982755
    write_row_misses_0: 683
    write_row_conflicts_0: 23243
    read_queue_len_0: 384791752
    write_row_hits_0: 347532
    read_row_hits_core_0: 45040322
    read_row_misses_core_0: 75892
    num_read_reqs_0: 146584160
    Scheduler:
      impl: FCFS
    RefreshManager:
      impl: AllBank
    RowPolicy:
      impl: OpenRowPolicy
    ControllerPlugin:
      impl: CommandCounter



  Controller:
    impl: BankLevelController
    id: Channel 1
    read_queue_len_avg_1: 1.28846908
    priority_queue_len_1: 0
    write_queue_len_1: 0
    num_write_reqs_1: 387515
    row_hits_1: 45387661
    row_misses_1: 76575
    avg_read_latency_1: 19.4859753
    queue_len_avg_1: 1.28846908
    read_queue_len_1: 384790472
    read_row_misses_1: 75892
    priority_queue_len_avg_1: 0
    read_row_hits_1: 45040142
    queue_len_1: 384790472
    read_row_conflicts_1: 2982775
    num_read_reqs_1: 48443562
    num_other_reqs_1: 0
    row_conflicts_1: 3006030
    write_row_hits_1: 347519
    write_queue_len_avg_1: 0
    write_row_misses_1: 683
    write_row_conflicts_1: 23255
    read_row_hits_core_0: 45040142
    read_row_misses_core_0: 75892
    read_latency_1: 943970000
    read_row_conflicts_core_0: 2982775
    Scheduler:
      impl: FCFS
    RefreshManager:
      impl: AllBank
    RowPolicy:
      impl: OpenRowPolicy
    ControllerPlugin:
      impl: CommandCounter



  Controller:
    impl: BankLevelController
    id: Channel 2
    read_latency_2: 727039267
    queue_len_avg_2: 1.28846824
    priority_queue_len_2: 0
    read_queue_len_avg_2: 1.28846824
    write_queue_len_2: 0
    queue_len_2: 384790216
    num_write_reqs_2: 389096
    row_hits_2: 45387608
    avg_read_latency_2: 14.1835613
    write_queue_len_avg_2: 0
    num_other_reqs_2: 0
    row_misses_2: 76575
    write_row_hits_2: 347505
    row_conflicts_2: 3006050
    write_row_conflicts_2: 23269
    read_row_hits_2: 45040103
    read_row_misses_2: 75893
    read_row_conflicts_2: 2982781
    write_row_misses_2: 682
    read_row_conflicts_core_0: 2982781
    num_read_reqs_2: 51259291
    priority_queue_len_avg_2: 0
    read_row_hits_core_0: 45040103
    read_queue_len_2: 384790216
    read_row_misses_core_0: 75893
    Scheduler:
      impl: FCFS
    RefreshManager:
      impl: AllBank
    RowPolicy:
      impl: OpenRowPolicy
    ControllerPlugin:
      impl: CommandCounter



  Controller:
    impl: BankLevelController
    id: Channel 3
    priority_queue_len_avg_3: 0
    write_queue_len_avg_3: 0
    queue_len_avg_3: 1.28847075
    avg_read_latency_3: 14.8565788
    priority_queue_len_3: 0
    read_queue_len_3: 384790992
    queue_len_3: 384790992
    num_write_reqs_3: 631729
    row_hits_3: 45387624
    row_conflicts_3: 3006133
    read_row_misses_3: 75893
    read_row_hits_3: 45040131
    write_row_conflicts_3: 23283
    read_row_conflicts_3: 2982850
    row_misses_3: 76575
    write_row_hits_3: 347493
    write_row_misses_3: 682
    read_row_hits_core_0: 45040131
    num_other_reqs_3: 0
    read_row_misses_core_0: 75893
    read_row_conflicts_core_0: 2982850
    read_latency_3: 733196122
    read_queue_len_avg_3: 1.28847075
    write_queue_len_3: 0
    num_read_reqs_3: 49351611
    Scheduler:
      impl: FCFS
    RefreshManager:
      impl: AllBank
    RowPolicy:
      impl: OpenRowPolicy
    ControllerPlugin:
      impl: CommandCounter



