Tech node (nm), Capacity (bytes), Number of banks, Associativity, Output width (bits), Access time (ns), Random cycle time (ns), Dynamic search energy (nJ), Dynamic read energy (nJ), Dynamic write energy (nJ), Standby leakage per bank(mW), Area (mm2), Ndwl, Ndbl, Nspd, Ndcm, Ndsam_level_1, Ndsam_level_2, Data arrary area efficiency %, Ntwl, Ntbl, Ntspd, Ntcm, Ntsam_level_1, Ntsam_level_2, Tag arrary area efficiency %, 
32, 4, 1, 1, 576, 21.539, 27.9438, N/A, 5.34955, 5.34959, 0.255667, 23.846, 128, 128, 0.5625, 1, 1, 1, 27.6501, N/A, N/A, N/A, N/A, N/A, N/A, N/A, 
32, 4, 1, 1, 576, 21.539, 27.9438, N/A, 5.34955, 5.34959, 0.255667, 23.846, 128, 128, 0.5625, 1, 1, 1, 27.6501, N/A, N/A, N/A, N/A, N/A, N/A, N/A, 
32, 4, 1, 1, 576, 25.437, 149.286, N/A, 6.51837, 6.51862, 0.0957416, 13.1217, 16, 32, 1, 1, 1, 1, 50.2255, N/A, N/A, N/A, N/A, N/A, N/A, N/A, 
32, 4, 1, 1, 576, 21.539, 27.9438, N/A, 5.34955, 5.34959, 0.255667, 23.846, 128, 128, 0.5625, 1, 1, 1, 27.6501, N/A, N/A, N/A, N/A, N/A, N/A, N/A, 
32, 4, 1, 1, 576, 21.539, 27.9438, N/A, 5.34955, 5.34959, 0.255667, 23.846, 128, 128, 0.5625, 1, 1, 1, 27.6501, N/A, N/A, N/A, N/A, N/A, N/A, N/A, 
32, 4, 1, 1, 576, 21.539, 27.9438, N/A, 5.34955, 5.34959, 0.255667, 23.846, 128, 128, 0.5625, 1, 1, 1, 27.6501, N/A, N/A, N/A, N/A, N/A, N/A, N/A, 
32, 4, 1, 1, 576, 21.539, 27.9438, N/A, 5.34955, 5.34959, 0.255667, 23.846, 128, 128, 0.5625, 1, 1, 1, 27.6501, N/A, N/A, N/A, N/A, N/A, N/A, N/A, 
32, 4, 1, 1, 576, 21.539, 27.9438, N/A, 5.34955, 5.34959, 0.255667, 23.846, 128, 128, 0.5625, 1, 1, 1, 27.6501, N/A, N/A, N/A, N/A, N/A, N/A, N/A, 
32, 4, 4, 1, 576, 15.5648, 26.8841, N/A, 3.04789, 3.04792, 0.0830229, 20.3199, 128, 32, 0.5625, 1, 1, 1, 32.3825, N/A, N/A, N/A, N/A, N/A, N/A, N/A, 
32, 4, 1, 1, 576, 21.539, 27.9438, N/A, 5.34955, 5.34959, 0.255667, 23.846, 128, 128, 0.5625, 1, 1, 1, 27.6501, N/A, N/A, N/A, N/A, N/A, N/A, N/A, 
32, 4, 1, 1, 576, 21.539, 27.9438, N/A, 5.34955, 5.34959, 0.255667, 23.846, 128, 128, 0.5625, 1, 1, 1, 27.6501, N/A, N/A, N/A, N/A, N/A, N/A, N/A, 
32, 4, 1, 1, 576, 25.437, 149.286, N/A, 6.51837, 6.51862, 0.0957416, 13.1217, 16, 32, 1, 1, 1, 1, 50.2255, N/A, N/A, N/A, N/A, N/A, N/A, N/A, 
32, 4, 1, 1, 576, 30.6966, 38.8326, N/A, 8.8336, 8.83385, 0.136585, 18.1834, 16, 128, 1, 1, 1, 1, 36.2545, N/A, N/A, N/A, N/A, N/A, N/A, N/A, 
32, 4, 1, 1, 576, 28.5706, 6302.06, N/A, 4.78966, 4.78969, 0.193107, 22.6267, 128, 4, 1, 1, 1, 1, 29.1391, N/A, N/A, N/A, N/A, N/A, N/A, N/A, 
32, 4, 1, 1, 576, 28.5706, 6302.06, N/A, 4.78966, 4.78969, 0.193107, 22.6267, 128, 4, 1, 1, 1, 1, 29.1391, N/A, N/A, N/A, N/A, N/A, N/A, N/A, 
32, 4, 1, 1, 576, 28.5706, 6302.06, N/A, 4.78966, 4.78969, 0.193107, 22.6267, 128, 4, 1, 1, 1, 1, 29.1391, N/A, N/A, N/A, N/A, N/A, N/A, N/A, 
32, 4, 1, 1, 576, 28.5706, 6302.06, N/A, 4.78966, 4.78969, 0.193107, 22.6267, 128, 4, 1, 1, 1, 1, 29.1391, N/A, N/A, N/A, N/A, N/A, N/A, N/A, 
32, 4, 1, 1, 576, 28.5706, 6302.06, N/A, 4.78966, 4.78969, 0.193107, 22.6267, 128, 4, 1, 1, 1, 1, 29.1391, N/A, N/A, N/A, N/A, N/A, N/A, N/A, 
32, 4, 1, 1, 576, 21.539, 27.9438, N/A, 5.34955, 5.34959, 0.255667, 23.846, 128, 128, 0.5625, 1, 1, 1, 27.6501, N/A, N/A, N/A, N/A, N/A, N/A, N/A, 
32, 1, 1, 1, 576, 14.7088, 26.3914, N/A, 1.90454, 1.90457, 0.0649155, 6.18609, 128, 32, 0.5625, 1, 1, 1, 26.6045, N/A, N/A, N/A, N/A, N/A, N/A, N/A, 
32, 4, 1, 1, 576, 21.539, 27.9438, N/A, 5.34955, 5.34959, 0.255667, 23.846, 128, 128, 0.5625, 1, 1, 1, 27.6501, N/A, N/A, N/A, N/A, N/A, N/A, N/A, 
22, 4, 1, 1, 576, 16.2936, 19.8865, N/A, 1.92852, 1.92853, 1.31503, 11.68, 128, 128, 0.5625, 1, 1, 1, 17.7948, N/A, N/A, N/A, N/A, N/A, N/A, N/A, 
22, 4, 1, 1, 576, 16.2936, 19.8865, N/A, 1.92852, 1.92853, 1.31503, 11.68, 128, 128, 0.5625, 1, 1, 1, 17.7948, N/A, N/A, N/A, N/A, N/A, N/A, N/A, 
22, 4, 1, 1, 576, 16.2936, 19.8865, N/A, 1.92852, 1.92853, 1.31503, 11.68, 128, 128, 0.5625, 1, 1, 1, 17.7948, N/A, N/A, N/A, N/A, N/A, N/A, N/A, 
22, 4, 1, 1, 576, 22.9081, 13.1296, N/A, 3.24468, 3.2447, 2.03323, 14.7989, 128, 512, 1, 1, 1, 1, 14.045, N/A, N/A, N/A, N/A, N/A, N/A, N/A, 
22, 4, 1, 1, 576, 22.9081, 13.1296, N/A, 3.24468, 3.2447, 2.03323, 14.7989, 128, 512, 1, 1, 1, 1, 14.045, N/A, N/A, N/A, N/A, N/A, N/A, N/A, 
22, 4, 1, 1, 576, 22.9081, 13.1296, N/A, 3.24468, 3.2447, 2.03323, 14.7989, 128, 512, 1, 1, 1, 1, 14.045, N/A, N/A, N/A, N/A, N/A, N/A, N/A, 
22, 4, 1, 1, 576, 22.9081, 13.1296, N/A, 3.24468, 3.2447, 2.03323, 14.7989, 128, 512, 1, 1, 1, 1, 14.045, N/A, N/A, N/A, N/A, N/A, N/A, N/A, 
22, 4, 1, 1, 576, 16.2936, 19.8865, N/A, 1.92852, 1.92853, 1.31503, 11.68, 128, 128, 0.5625, 1, 1, 1, 17.7948, N/A, N/A, N/A, N/A, N/A, N/A, N/A, 
22, 4, 1, 1, 576, 22.1262, 14.2388, N/A, 2.75156, 2.75156, 7.26748, 19.1077, 512, 512, 1, 1, 1, 1, 10.8781, N/A, N/A, N/A, N/A, N/A, N/A, N/A, 
22, 1, 1, 1, 576, 16.7916, 11.329, N/A, 1.88513, 1.88513, 2.17479, 6.93601, 512, 512, 1, 1, 1, 1, 7.49067, N/A, N/A, N/A, N/A, N/A, N/A, N/A, 
22, 1, 1, 1, 576, 16.7916, 11.329, N/A, 1.88513, 1.88513, 2.17479, 6.93601, 512, 512, 1, 1, 1, 1, 7.49067, N/A, N/A, N/A, N/A, N/A, N/A, N/A, 
22, 1, 1, 1, 576, 16.7916, 11.329, N/A, 1.88513, 1.88513, 2.17479, 6.93601, 512, 512, 1, 1, 1, 1, 7.49067, N/A, N/A, N/A, N/A, N/A, N/A, N/A, 
22, 1, 1, 1, 576, 16.7916, 11.329, N/A, 1.88513, 1.88513, 2.17479, 6.93601, 512, 512, 1, 1, 1, 1, 7.49067, N/A, N/A, N/A, N/A, N/A, N/A, N/A, 
22, 1, 1, 1, 576, 16.7916, 11.329, N/A, 1.88513, 1.88513, 2.17479, 6.93601, 512, 512, 1, 1, 1, 1, 7.49067, N/A, N/A, N/A, N/A, N/A, N/A, N/A, 
22, 1, 1, 1, 576, 16.7916, 11.329, N/A, 1.88513, 1.88513, 2.17479, 6.93601, 512, 512, 1, 1, 1, 1, 7.49067, N/A, N/A, N/A, N/A, N/A, N/A, N/A, 
22, 1, 1, 1, 576, 16.7916, 11.329, N/A, 1.88513, 1.88513, 2.17479, 6.93601, 512, 512, 1, 1, 1, 1, 7.49067, N/A, N/A, N/A, N/A, N/A, N/A, N/A, 
22, 1, 1, 1, 576, 16.7916, 11.329, N/A, 1.88513, 1.88513, 2.17479, 6.93601, 512, 512, 1, 1, 1, 1, 7.49067, N/A, N/A, N/A, N/A, N/A, N/A, N/A, 
22, 1, 1, 1, 576, 16.7916, 11.329, N/A, 1.88513, 1.88513, 2.17479, 6.93601, 512, 512, 1, 1, 1, 1, 7.49067, N/A, N/A, N/A, N/A, N/A, N/A, N/A, 
22, 1, 1, 1, 576, 16.7916, 11.329, N/A, 1.88513, 1.88513, 2.17479, 6.93601, 512, 512, 1, 1, 1, 1, 7.49067, N/A, N/A, N/A, N/A, N/A, N/A, N/A, 
22, 1, 1, 1, 576, 16.7916, 11.329, N/A, 1.88513, 1.88513, 2.17479, 6.93601, 512, 512, 1, 1, 1, 1, 7.49067, N/A, N/A, N/A, N/A, N/A, N/A, N/A, 
22, 1, 1, 1, 576, 16.7916, 11.329, N/A, 1.88513, 1.88513, 2.17479, 6.93601, 512, 512, 1, 1, 1, 1, 7.49067, N/A, N/A, N/A, N/A, N/A, N/A, N/A, 
22, 1, 1, 1, 576, 16.7916, 11.329, N/A, 1.88513, 1.88513, 2.17479, 6.93601, 512, 512, 1, 1, 1, 1, 7.49067, N/A, N/A, N/A, N/A, N/A, N/A, N/A, 
22, 4, 1, 1, 576, 22.1262, 14.2388, N/A, 2.75156, 2.75156, 7.26748, 19.1077, 512, 512, 1, 1, 1, 1, 10.8781, N/A, N/A, N/A, N/A, N/A, N/A, N/A, 
22, 4, 1, 1, 576, 22.1262, 14.2388, N/A, 2.75156, 2.75156, 7.26748, 19.1077, 512, 512, 1, 1, 1, 1, 10.8781, N/A, N/A, N/A, N/A, N/A, N/A, N/A, 
22, 4, 1, 1, 576, 22.1262, 14.2388, N/A, 2.75156, 2.75156, 7.26748, 19.1077, 512, 512, 1, 1, 1, 1, 10.8781, N/A, N/A, N/A, N/A, N/A, N/A, N/A, 
22, 4, 1, 1, 576, 22.1262, 14.2388, N/A, 2.75156, 2.75156, 7.26748, 19.1077, 512, 512, 1, 1, 1, 1, 10.8781, N/A, N/A, N/A, N/A, N/A, N/A, N/A, 
22, 4, 1, 1, 576, 22.1262, 14.2388, N/A, 2.75156, 2.75156, 7.26748, 19.1077, 512, 512, 1, 1, 1, 1, 10.8781, N/A, N/A, N/A, N/A, N/A, N/A, N/A, 
22, 4, 1, 1, 576, 21.9224, 14.2482, N/A, 1.8083, 1.8083, 7.11264, 18.8808, 512, 512, 1, 1, 1, 1, 11.0089, N/A, N/A, N/A, N/A, N/A, N/A, N/A, 
22, 4, 1, 1, 576, 36.7204, 18.6503, N/A, 0.560085, 0.56009, 7.04715, 18.7658, 512, 512, 1, 1, 1, 1, 11.0763, N/A, N/A, N/A, N/A, N/A, N/A, N/A, 
22, 4, 1, 1, 576, 27.6421, 23.0343, N/A, 0.551324, 0.551332, 2.35378, 14.673, 256, 128, 0.5625, 1, 1, 1, 14.1655, N/A, N/A, N/A, N/A, N/A, N/A, N/A, 
22, 4, 1, 1, 576, 27.6421, 23.0343, N/A, 0.551324, 0.551332, 2.35378, 14.673, 256, 128, 0.5625, 1, 1, 1, 14.1655, N/A, N/A, N/A, N/A, N/A, N/A, N/A, 
22, 4, 1, 1, 576, 27.1421, 23.0343, N/A, 0.551324, 0.551332, 2.35378, 14.673, 256, 128, 0.5625, 1, 1, 1, 14.1655, N/A, N/A, N/A, N/A, N/A, N/A, N/A, 
