INFO: [VRFC 10-2263] Analyzing Verilog file "C:/Users/jacky/Desktop/Senior_3D_DRAM/Memory_Controller/Ctrl.v" into library xil_defaultlib
INFO: [VRFC 10-311] analyzing module bank_FSM
INFO: [VRFC 10-311] analyzing module tP_counter
INFO: [VRFC 10-311] analyzing module issue_FIFO
WARNING: [VRFC 10-9157] macro 'COUNTER_WIDTH' is redefined [C:/Users/jacky/Desktop/Senior_3D_DRAM/Memory_Controller/OUT_FIFO.v:2]
WARNING: [VRFC 10-9157] macro 'DEPTH' is redefined [C:/Users/jacky/Desktop/Senior_3D_DRAM/Memory_Controller/OUT_FIFO.v:3]
INFO: [VRFC 10-311] analyzing module OUT_FIFO
INFO: [VRFC 10-311] analyzing module cmd_scheduler
INFO: [VRFC 10-311] analyzing module check_or_cmd
INFO: [VRFC 10-311] analyzing module check_or_state
INFO: [VRFC 10-311] analyzing module bx_counter
INFO: [VRFC 10-311] analyzing module counter_compare
WARNING: [VRFC 10-9157] macro 'COUNTER_WIDTH' is redefined [C:/Users/jacky/Desktop/Senior_3D_DRAM/Memory_Controller/wdata_FIFO.v:12]
WARNING: [VRFC 10-9157] macro 'DEPTH' is redefined [C:/Users/jacky/Desktop/Senior_3D_DRAM/Memory_Controller/wdata_FIFO.v:13]
INFO: [VRFC 10-311] analyzing module wdata_FIFO
INFO: [VRFC 10-311] analyzing module Ctrl
INFO: [VRFC 10-2263] Analyzing Verilog file "C:/Users/jacky/Desktop/Senior_3D_DRAM/Memory_Controller/TESTBED.v" into library xil_defaultlib
INFO: [VRFC 10-311] analyzing module PATTERN
WARNING: [VRFC 10-8658] /* is inside a comment [C:/Users/jacky/Desktop/Senior_3D_DRAM/Memory_Controller/PATTERN.v:215]
INFO: [VRFC 10-311] analyzing module bank_FSM
WARNING: [VRFC 10-3609] overwriting previous definition of module 'bank_FSM' [C:/Users/jacky/Desktop/Senior_3D_DRAM/Memory_Controller/bank_FSM.v:12]
INFO: [VRFC 10-311] analyzing module tP_counter
WARNING: [VRFC 10-3609] overwriting previous definition of module 'tP_counter' [C:/Users/jacky/Desktop/Senior_3D_DRAM/Memory_Controller/tP_counter.v:13]
INFO: [VRFC 10-311] analyzing module issue_FIFO
WARNING: [VRFC 10-3609] overwriting previous definition of module 'issue_FIFO' [C:/Users/jacky/Desktop/Senior_3D_DRAM/Memory_Controller/issue_FIFO.v:16]
INFO: [VRFC 10-311] analyzing module OUT_FIFO
WARNING: [VRFC 10-3609] overwriting previous definition of module 'OUT_FIFO' [C:/Users/jacky/Desktop/Senior_3D_DRAM/Memory_Controller/OUT_FIFO.v:6]
INFO: [VRFC 10-311] analyzing module cmd_scheduler
WARNING: [VRFC 10-3609] overwriting previous definition of module 'cmd_scheduler' [C:/Users/jacky/Desktop/Senior_3D_DRAM/Memory_Controller/cmd_scheduler.v:14]
INFO: [VRFC 10-311] analyzing module check_or_cmd
WARNING: [VRFC 10-3609] overwriting previous definition of module 'check_or_cmd' [C:/Users/jacky/Desktop/Senior_3D_DRAM/Memory_Controller/cmd_scheduler.v:486]
INFO: [VRFC 10-311] analyzing module check_or_state
WARNING: [VRFC 10-3609] overwriting previous definition of module 'check_or_state' [C:/Users/jacky/Desktop/Senior_3D_DRAM/Memory_Controller/cmd_scheduler.v:517]
INFO: [VRFC 10-311] analyzing module bx_counter
WARNING: [VRFC 10-3609] overwriting previous definition of module 'bx_counter' [C:/Users/jacky/Desktop/Senior_3D_DRAM/Memory_Controller/cmd_scheduler.v:540]
INFO: [VRFC 10-311] analyzing module counter_compare
WARNING: [VRFC 10-3609] overwriting previous definition of module 'counter_compare' [C:/Users/jacky/Desktop/Senior_3D_DRAM/Memory_Controller/cmd_scheduler.v:580]
INFO: [VRFC 10-311] analyzing module wdata_FIFO
WARNING: [VRFC 10-3609] overwriting previous definition of module 'wdata_FIFO' [C:/Users/jacky/Desktop/Senior_3D_DRAM/Memory_Controller/wdata_FIFO.v:15]
INFO: [VRFC 10-311] analyzing module Ctrl
WARNING: [VRFC 10-3609] overwriting previous definition of module 'Ctrl' [C:/Users/jacky/Desktop/Senior_3D_DRAM/Memory_Controller/Ctrl.v:20]
INFO: [VRFC 10-311] analyzing module Package
INFO: [VRFC 10-311] analyzing module ddr3
INFO: [VRFC 10-311] analyzing module TESTBED
