Cache size                    : 1
Block size                    : 128
Associativity                 : 1
Read only ports               : 0
Write only ports              : 0
Read write ports              : 1
Single ended read ports       : 0
Cache banks (UCA)             : 1
Technology                    : 0.04
Temperature                   : 350
Tag size                      : 42
array type                    : Scratch RAM
Model as memory               : 1
Model as 3D memory       	 : 1
Access mode                   : 2
Data array cell type          : 4
Data array peripheral type    : 1
Tag array cell type           : 0
Tag array peripheral type     : 0
Optimization target           : 2
Design objective (UCA wt)     : 0 0 0 0 100
Design objective (UCA dev)    : 50 100000 100000 100000 1000000
Cache model                   : 0
Nuca bank                     : 0
Wire inside mat               : 1
Wire outside mat              : 2
Interconnect projection       : 1
Wire signaling               : 0
Print level                   : 1
ECC overhead                  : 0
Page size                     : 8192
Burst length                  : 8
Internal prefetch width       : 8
Force cache config            : 1
Ndwl                          : 16
Ndbl                          : 32
Nspd                          : 1
Ndcm                          : 1
Ndsam1                        : 1
Ndsam2                        : 1
Subarray Driver direction       : 1
iostate                       : READ
dram_ecc                      : NO_ECC
io_type                     : DDR3
dram_dimm                      : UDIMM
IO Area (sq.mm) = inf
IO Timing Margin (ps) = 35
IO Votlage Margin (V) = -0.055
IO Dynamic Power (mW) = 4532.4 PHY Power (mW) = 1471.79 PHY Wakeup Time (us) = 27.503
IO Termination and Bias Power (mW) = 17041.7
-------  CACTI (version 7.0.3DD Prerelease of Aug, 2012) 3D DRAM Main Memory  -------

Memory Parameters:
	Total memory size (Gb): 1
	Stacked die count: 4
	TSV projection: ITRS aggressive
	Number of banks: 1
	Technology size (nm): 40
	Page size (bits): 8192
	Burst depth: 1
	Chip IO width: 128
	Best Ndwl: 16
	Best Ndbl: 32
	# rows in subarray: 1024
	# columns in subarray: 512

Results:
Timing Components:
	   t_RCD (Row to column command delay): 6.90484 ns
	   t_RAS (Row access strobe latency): 23.2647 ns
	   t_RC (Row cycle): 40.7544 ns
	   t_CAS (Column access strobe latency): 10.061 ns
	   t_RP (Row precharge latency): 18.2582 ns
	   t_RRD (Row activation to row activation delay): 1.61267 ns
Power Components:
	   Activation energy: 1.21982 nJ
	   Read energy: 1.16042 nJ
	   Write energy: 1.16047 nJ
	   Precharge energy: 1.14885 nJ
Area Components:
	   DRAM core area: 5.04593 mm2
	   Area efficiency: 52.3472%
	   DRAM die width: 0.969207 mm
	   DRAM die height: 5.20382 mm
TSV Components:
	   TSV area overhead: 0.002352 mm2
	   TSV latency overhead: 0.768542 ns
	   TSV energy overhead per access: 0.0979558 nJ


3D DRAM Detail Components:


Time Components:

	 row activation bus delay (ns): 0.844132
	 row predecoder delay (ns): 0.547974
	 row decoder delay (ns): 1.31545
	 local wordline delay (ns): 0.947737
	 bitline delay (ns): 3.84556
	 sense amp delay (ns): 0.0275493
	 column access bus delay (ns): 0.844132
	 column predecoder delay (ns): 0.209553
	 column decoder delay (ns): 1.06219
	 datapath bus delay (ns): 0.844132
	 global dataline delay (ns): 1.86381
	 local dataline delay (ns): 0.569605
	 data buffer delay (ns): 2.5
	 subarray output driver delay (ns): 0.315857

Energy Components:

	 row activation bus energy (nJ): 0.0504587
	 row predecoder energy (nJ): 0.000294062
	 row decoder energy (nJ): 0.00131998
	 local wordline energy (nJ): 0.00201571
	 bitline energy (nJ): 1.0237
	 sense amp energy (nJ): 0.0440763
	 column access bus energy (nJ): 0.0437309
	 column predecoder energy (nJ): 1.99249e-05
	 column decoder energy (nJ): 0.000152846
	 column selectline energy (nJ): 0.0802489
	 datapath bus energy (nJ): 0.430581
	 global dataline energy (nJ): 0.0402148
	 local dataline energy (nJ): 0.0990738
	 data buffer energy (nJ): 0.00117425

Area Components:

	 DRAM cell area (mm2): 2.6414
	 local WL driver area (mm2): 1.3411
	 subarray sense amp area (mm2): 0.581236
	 row predecoder/decoder area (mm2): 0.0194261
	 column predecoder/decoder area (mm2): 9.68624e-05
	 center stripe bus area (mm2): 0.241839
	 address bus area (mm2): 0
	 data bus area (mm2): 0.0877501
	 data driver area (mm2): 0.00130967
	 IO secondary sense amp area (mm2): 0.0005632
	 TSV area (mm2): 0.002352

Wire Properties:

  Delay Optimal
	Repeater size - 198.79 
	Repeater spacing - 0.36977 (mm) 
	Delay - 0.174244 (ns/mm) 
	PowerD - 0.000694374 (nJ/mm) 
	PowerL - 6.66403e-06 (mW/mm) 
	PowerLgate - 1.11561e-06 (mW/mm)
	Wire width - 0.08 microns
	Wire spacing - 0.08 microns

  5% Overhead
	Repeater size - 98.79 
	Repeater spacing - 0.46977 (mm) 
	Delay - 0.182942 (ns/mm) 
	PowerD - 0.000433464 (nJ/mm) 
	PowerL - 2.60676e-06 (mW/mm) 
	PowerLgate - 4.36391e-07 (mW/mm)
	Wire width - 0.08 microns
	Wire spacing - 0.08 microns

  10% Overhead
	Repeater size - 91.79 
	Repeater spacing - 0.56977 (mm) 
	Delay - 0.191649 (ns/mm) 
	PowerD - 0.00040743 (nJ/mm) 
	PowerL - 1.99696e-06 (mW/mm) 
	PowerLgate - 3.34306e-07 (mW/mm)
	Wire width - 0.08 microns
	Wire spacing - 0.08 microns

  20% Overhead
	Repeater size - 77.79 
	Repeater spacing - 0.66977 (mm) 
	Delay - 0.208289 (ns/mm) 
	PowerD - 0.000377413 (nJ/mm) 
	PowerL - 1.4397e-06 (mW/mm) 
	PowerLgate - 2.41016e-07 (mW/mm)
	Wire width - 0.08 microns
	Wire spacing - 0.08 microns

  30% Overhead
	Repeater size - 62.79 
	Repeater spacing - 0.66977 (mm) 
	Delay - 0.225371 (ns/mm) 
	PowerD - 0.000353534 (nJ/mm) 
	PowerL - 1.16209e-06 (mW/mm) 
	PowerLgate - 1.94542e-07 (mW/mm)
	Wire width - 0.08 microns
	Wire spacing - 0.08 microns

  Low-swing wire (1 mm) - Note: Unlike repeated wires, 
	delay and power values of low-swing wires do not
	have a linear relationship with length. 
	delay - 0.352588 (ns) 
	powerD - 4.98848e-06 (nJ) 
	PowerL - 1.24418e-10 (mW) 
	PowerLgate - 3.76481e-11 (mW)
	Wire width - 1.6e-07 microns
	Wire spacing - 1.6e-07 microns


No result found 
=============================================

