[Ramulator::LoadStoreStallTrace] [info] Frontend ticks at Clk=1000000
[Ramulator::LoadStoreStallTrace] [info] Frontend ticks at Clk=2000000
[Ramulator::LoadStoreStallTrace] [info] Frontend ticks at Clk=3000000
[Ramulator::LoadStoreStallTrace] [info] Frontend ticks at Clk=4000000
[Ramulator::LoadStoreStallTrace] [info] Frontend ticks at Clk=5000000
[Ramulator::LoadStoreStallTrace] [info] Frontend ticks at Clk=6000000
[Ramulator::LoadStoreStallTrace] [info] Frontend ticks at Clk=7000000
[Ramulator::LoadStoreStallTrace] [info] Frontend ticks at Clk=8000000
[Ramulator::LoadStoreStallTrace] [info] Frontend ticks at Clk=9000000
[Ramulator::LoadStoreStallTrace] [info] Frontend ticks at Clk=10000000
[Ramulator::LoadStoreStallTrace] [info] Frontend ticks at Clk=11000000
[Ramulator::LoadStoreStallTrace] [info] Frontend ticks at Clk=12000000
[Ramulator::LoadStoreStallTrace] [info] Frontend ticks at Clk=13000000
[Ramulator::LoadStoreStallTrace] [info] Frontend ticks at Clk=14000000
[Ramulator::LoadStoreStallTrace] [info] Frontend ticks at Clk=15000000
[Ramulator::LoadStoreStallTrace] [info] Frontend ticks at Clk=16000000
[Ramulator::LoadStoreStallTrace] [info] Frontend ticks at Clk=17000000
[Ramulator::LoadStoreStallTrace] [info] Frontend ticks at Clk=18000000
[Ramulator::LoadStoreStallTrace] [info] Frontend ticks at Clk=19000000
[Ramulator::LoadStoreStallTrace] [info] Frontend ticks at Clk=20000000
[Ramulator::LoadStoreStallTrace] [info] Frontend ticks at Clk=21000000
[Ramulator::LoadStoreStallTrace] [info] Frontend ticks at Clk=22000000
[Ramulator::LoadStoreStallTrace] [info] Frontend ticks at Clk=23000000
[Ramulator::LoadStoreStallTrace] [info] Frontend ticks at Clk=24000000
[Ramulator::LoadStoreStallTrace] [info] Frontend ticks at Clk=25000000
[Ramulator::LoadStoreStallTrace] [info] Frontend ticks at Clk=26000000
[Ramulator::LoadStoreStallTrace] [info] Frontend ticks at Clk=27000000
[Ramulator::LoadStoreStallTrace] [info] Frontend ticks at Clk=28000000
[Ramulator::LoadStoreStallTrace] [info] Frontend ticks at Clk=29000000
[Ramulator::LoadStoreStallTrace] [info] Frontend ticks at Clk=30000000
[Ramulator::LoadStoreStallTrace] [info] Frontend ticks at Clk=31000000
[Ramulator::LoadStoreStallTrace] [info] Frontend ticks at Clk=32000000
[Ramulator::LoadStoreStallTrace] [info] Frontend ticks at Clk=33000000
[Ramulator::LoadStoreStallTrace] [info] Frontend ticks at Clk=34000000
[Ramulator::LoadStoreStallTrace] [info] Frontend ticks at Clk=35000000
[Ramulator::LoadStoreStallTrace] [info] Frontend ticks at Clk=36000000
[Ramulator::LoadStoreStallTrace] [info] Frontend ticks at Clk=37000000
[Ramulator::LoadStoreStallTrace] [info] Frontend ticks at Clk=38000000
[Ramulator::LoadStoreStallTrace] [info] Frontend ticks at Clk=39000000
[Ramulator::LoadStoreStallTrace] [info] Frontend ticks at Clk=40000000
[Ramulator::LoadStoreStallTrace] [info] Frontend ticks at Clk=41000000
[Ramulator::LoadStoreStallTrace] [info] Frontend ticks at Clk=42000000
[Ramulator::LoadStoreStallTrace] [info] Frontend ticks at Clk=43000000
[Ramulator::LoadStoreStallTrace] [info] Frontend ticks at Clk=44000000
[Ramulator::LoadStoreStallTrace] [info] Frontend ticks at Clk=45000000
[Ramulator::LoadStoreStallTrace] [info] Frontend ticks at Clk=46000000
[Ramulator::LoadStoreStallTrace] [info] Frontend ticks at Clk=47000000
[Ramulator::LoadStoreStallTrace] [info] Frontend ticks at Clk=48000000
[Ramulator::LoadStoreStallTrace] [info] Frontend ticks at Clk=49000000
[Ramulator::LoadStoreStallTrace] [info] Frontend ticks at Clk=50000000
[Ramulator::LoadStoreStallTrace] [info] Frontend ticks at Clk=51000000
[Ramulator::LoadStoreStallTrace] [info] Frontend ticks at Clk=52000000
[Ramulator::LoadStoreStallTrace] [info] Frontend ticks at Clk=53000000
[Ramulator::LoadStoreStallTrace] [info] Frontend ticks at Clk=54000000
[Ramulator::LoadStoreStallTrace] [info] Frontend ticks at Clk=55000000
[Ramulator::LoadStoreStallTrace] [info] Frontend ticks at Clk=56000000
[Ramulator::LoadStoreStallTrace] [info] Frontend ticks at Clk=57000000
[Ramulator::LoadStoreStallTrace] [info] Frontend ticks at Clk=58000000
[Ramulator::LoadStoreStallTrace] [info] Frontend ticks at Clk=59000000
[Ramulator::LoadStoreStallTrace] [info] Frontend ticks at Clk=60000000
[Ramulator::LoadStoreStallTrace] [info] Frontend ticks at Clk=61000000
[Ramulator::LoadStoreStallTrace] [info] Frontend ticks at Clk=62000000
[Ramulator::LoadStoreStallTrace] [info] Frontend ticks at Clk=63000000
[Ramulator::LoadStoreStallTrace] [info] Frontend ticks at Clk=64000000
[Ramulator::LoadStoreStallTrace] [info] Frontend ticks at Clk=65000000
[Ramulator::LoadStoreStallTrace] [info] Frontend ticks at Clk=66000000
[Ramulator::LoadStoreStallTrace] [info] Frontend ticks at Clk=67000000
[Ramulator::LoadStoreStallTrace] [info] Frontend ticks at Clk=68000000
[Ramulator::LoadStoreStallTrace] [info] Frontend ticks at Clk=69000000
[Ramulator::LoadStoreStallTrace] [info] Frontend ticks at Clk=70000000
[Ramulator::LoadStoreStallTrace] [info] Frontend ticks at Clk=71000000
[Ramulator::LoadStoreStallTrace] [info] Frontend ticks at Clk=72000000
[Ramulator::LoadStoreStallTrace] [info] Frontend ticks at Clk=73000000
[Ramulator::LoadStoreStallTrace] [info] Frontend ticks at Clk=74000000
[Ramulator::LoadStoreStallTrace] [info] Frontend ticks at Clk=75000000
[Ramulator::LoadStoreStallTrace] [info] Frontend ticks at Clk=76000000
[Ramulator::LoadStoreStallTrace] [info] Frontend ticks at Clk=77000000
[Ramulator::LoadStoreStallTrace] [info] Frontend ticks at Clk=78000000
[Ramulator::LoadStoreStallTrace] [info] Frontend ticks at Clk=79000000
[Ramulator::LoadStoreStallTrace] [info] Frontend ticks at Clk=80000000
[Ramulator::LoadStoreStallTrace] [info] Frontend ticks at Clk=81000000
[Ramulator::LoadStoreStallTrace] [info] Frontend ticks at Clk=82000000
[Ramulator::LoadStoreStallTrace] [info] Frontend ticks at Clk=83000000
[Ramulator::LoadStoreStallTrace] [info] Frontend ticks at Clk=84000000
[Ramulator::LoadStoreStallTrace] [info] Frontend ticks at Clk=85000000
[Ramulator::LoadStoreStallTrace] [info] Frontend ticks at Clk=86000000
[Ramulator::LoadStoreStallTrace] [info] Frontend ticks at Clk=87000000
[Ramulator::LoadStoreStallTrace] [info] Frontend ticks at Clk=88000000
[Ramulator::LoadStoreStallTrace] [info] Frontend ticks at Clk=89000000
[Ramulator::LoadStoreStallTrace] [info] Frontend ticks at Clk=90000000
[Ramulator::LoadStoreStallTrace] [info] Frontend ticks at Clk=91000000
[Ramulator::LoadStoreStallTrace] [info] Frontend ticks at Clk=92000000
[Ramulator::LoadStoreStallTrace] [info] Frontend ticks at Clk=93000000
[Ramulator::LoadStoreStallTrace] [info] Frontend ticks at Clk=94000000
[Ramulator::LoadStoreStallTrace] [info] Frontend ticks at Clk=95000000
[Ramulator::LoadStoreStallTrace] [info] Frontend ticks at Clk=96000000
[Ramulator::LoadStoreStallTrace] [info] Frontend ticks at Clk=97000000
[Ramulator::LoadStoreStallTrace] [info] Frontend ticks at Clk=98000000
[Ramulator::LoadStoreStallTrace] [info] Frontend ticks at Clk=99000000
[Ramulator::LoadStoreStallTrace] [info] Frontend ticks at Clk=100000000
[Ramulator::LoadStoreStallTrace] [info] Frontend ticks at Clk=101000000
[Ramulator::LoadStoreStallTrace] [info] Frontend ticks at Clk=102000000
[Ramulator::LoadStoreStallTrace] [info] Frontend ticks at Clk=103000000
[Ramulator::LoadStoreStallTrace] [info] Frontend ticks at Clk=104000000
[Ramulator::LoadStoreStallTrace] [info] Frontend ticks at Clk=105000000
[Ramulator::LoadStoreStallTrace] [info] Frontend ticks at Clk=106000000
[Ramulator::LoadStoreStallTrace] [info] Frontend ticks at Clk=107000000
[Ramulator::LoadStoreStallTrace] [info] Frontend ticks at Clk=108000000
[Ramulator::LoadStoreStallTrace] [info] Frontend ticks at Clk=109000000
[Ramulator::LoadStoreStallTrace] [info] Frontend ticks at Clk=110000000
[Ramulator::LoadStoreStallTrace] [info] Frontend ticks at Clk=111000000
[Ramulator::LoadStoreStallTrace] [info] Frontend ticks at Clk=112000000
[Ramulator::LoadStoreStallTrace] [info] Frontend ticks at Clk=113000000
[Ramulator::LoadStoreStallTrace] [info] Frontend ticks at Clk=114000000
[Ramulator::LoadStoreStallTrace] [info] Frontend ticks at Clk=115000000
[Ramulator::LoadStoreStallTrace] [info] Frontend ticks at Clk=116000000
[Ramulator::LoadStoreStallTrace] [info] Frontend ticks at Clk=117000000
[Ramulator::LoadStoreStallTrace] [info] Frontend ticks at Clk=118000000
[Ramulator::LoadStoreStallTrace] [info] Frontend ticks at Clk=119000000
[Ramulator::LoadStoreStallTrace] [info] Frontend ticks at Clk=120000000
[Ramulator::LoadStoreStallTrace] [info] Frontend ticks at Clk=121000000
[Ramulator::LoadStoreStallTrace] [info] Frontend ticks at Clk=122000000
[Ramulator::LoadStoreStallTrace] [info] Frontend ticks at Clk=123000000
[Ramulator::LoadStoreStallTrace] [info] Frontend ticks at Clk=124000000
[Ramulator::LoadStoreStallTrace] [info] Frontend ticks at Clk=125000000
[Ramulator::LoadStoreStallTrace] [info] Frontend ticks at Clk=126000000
[Ramulator::LoadStoreStallTrace] [info] Frontend ticks at Clk=127000000
[Ramulator::LoadStoreStallTrace] [info] Frontend ticks at Clk=128000000
[Ramulator::LoadStoreStallTrace] [info] Frontend ticks at Clk=129000000
[Ramulator::LoadStoreStallTrace] [info] Frontend ticks at Clk=130000000
[Ramulator::LoadStoreStallTrace] [info] Frontend ticks at Clk=131000000
[Ramulator::LoadStoreStallTrace] [info] Frontend ticks at Clk=132000000
[Ramulator::LoadStoreStallTrace] [info] Frontend ticks at Clk=133000000
[Ramulator::LoadStoreStallTrace] [info] Frontend ticks at Clk=134000000
[Ramulator::LoadStoreStallTrace] [info] Frontend ticks at Clk=135000000
[Ramulator::LoadStoreStallTrace] [info] Frontend ticks at Clk=136000000
[Ramulator::LoadStoreStallTrace] [info] Frontend ticks at Clk=137000000
[Ramulator::LoadStoreStallTrace] [info] Frontend ticks at Clk=138000000
[Ramulator::LoadStoreStallTrace] [info] Frontend ticks at Clk=139000000
[Ramulator::LoadStoreStallTrace] [info] Frontend ticks at Clk=140000000
[Ramulator::LoadStoreStallTrace] [info] Frontend ticks at Clk=141000000
[Ramulator::LoadStoreStallTrace] [info] Frontend ticks at Clk=142000000
[Ramulator::LoadStoreStallTrace] [info] Frontend ticks at Clk=143000000
[Ramulator::LoadStoreStallTrace] [info] Frontend ticks at Clk=144000000
[Ramulator::LoadStoreStallTrace] [info] Frontend ticks at Clk=145000000
[Ramulator::LoadStoreStallTrace] [info] Frontend ticks at Clk=146000000
[Ramulator::LoadStoreStallTrace] [info] Frontend ticks at Clk=147000000
[Ramulator::LoadStoreStallTrace] [info] Frontend ticks at Clk=148000000
[Ramulator::LoadStoreStallTrace] [info] Frontend ticks at Clk=149000000
[Ramulator::LoadStoreStallTrace] [info] Frontend ticks at Clk=150000000
[Ramulator::LoadStoreStallTrace] [info] Frontend ticks at Clk=151000000
[Ramulator::LoadStoreStallTrace] [info] Frontend ticks at Clk=152000000
[Ramulator::LoadStoreStallTrace] [info] Frontend ticks at Clk=153000000
[Ramulator::LoadStoreStallTrace] [info] Frontend ticks at Clk=154000000
[Ramulator::LoadStoreStallTrace] [info] Frontend ticks at Clk=155000000
[Ramulator::LoadStoreStallTrace] [info] Frontend ticks at Clk=156000000
[Ramulator::LoadStoreStallTrace] [info] Frontend ticks at Clk=157000000
[Ramulator::LoadStoreStallTrace] [info] Frontend ticks at Clk=158000000
[Ramulator::LoadStoreStallTrace] [info] Frontend ticks at Clk=159000000
[Ramulator::LoadStoreStallTrace] [info] Frontend ticks at Clk=160000000
[Ramulator::LoadStoreStallTrace] [info] Frontend ticks at Clk=161000000
[Ramulator::LoadStoreStallTrace] [info] Frontend ticks at Clk=162000000
[Ramulator::LoadStoreStallTrace] [info] Frontend ticks at Clk=163000000
[Ramulator::LoadStoreStallTrace] [info] Frontend ticks at Clk=164000000
[Ramulator::LoadStoreStallTrace] [info] Frontend ticks at Clk=165000000
[Ramulator::LoadStoreStallTrace] [info] Frontend ticks at Clk=166000000
[Ramulator::LoadStoreStallTrace] [info] Frontend ticks at Clk=167000000
[Ramulator::LoadStoreStallTrace] [info] Frontend ticks at Clk=168000000
[Ramulator::LoadStoreStallTrace] [info] Frontend ticks at Clk=169000000
[Ramulator::LoadStoreStallTrace] [info] Frontend ticks at Clk=170000000
[Ramulator::LoadStoreStallTrace] [info] Frontend ticks at Clk=171000000
[Ramulator::LoadStoreStallTrace] [info] Frontend ticks at Clk=172000000
[Ramulator::LoadStoreStallTrace] [info] Frontend ticks at Clk=173000000
[Ramulator::LoadStoreStallTrace] [info] Frontend ticks at Clk=174000000
[Ramulator::LoadStoreStallTrace] [info] Frontend ticks at Clk=175000000
[Ramulator::LoadStoreStallTrace] [info] Frontend ticks at Clk=176000000
[Ramulator::LoadStoreStallTrace] [info] Frontend ticks at Clk=177000000
[Ramulator::LoadStoreStallTrace] [info] Frontend ticks at Clk=178000000
[Ramulator::LoadStoreStallTrace] [info] Frontend ticks at Clk=179000000
[Ramulator::LoadStoreStallTrace] [info] Frontend ticks at Clk=180000000
[Ramulator::LoadStoreStallTrace] [info] Frontend ticks at Clk=181000000
[Ramulator::LoadStoreStallTrace] [info] Frontend ticks at Clk=182000000
[Ramulator::LoadStoreStallTrace] [info] Frontend ticks at Clk=183000000
[Ramulator::LoadStoreStallTrace] [info] Frontend ticks at Clk=184000000
[Ramulator::LoadStoreStallTrace] [info] Frontend ticks at Clk=185000000
[Ramulator::LoadStoreStallTrace] [info] Frontend ticks at Clk=186000000
[Ramulator::LoadStoreStallTrace] [info] Frontend ticks at Clk=187000000
[Ramulator::LoadStoreStallTrace] [info] Frontend ticks at Clk=188000000
[Ramulator::LoadStoreStallTrace] [info] Frontend ticks at Clk=189000000
[Ramulator::LoadStoreStallTrace] [info] Frontend ticks at Clk=190000000
[Ramulator::LoadStoreStallTrace] [info] Frontend ticks at Clk=191000000
[Ramulator::LoadStoreStallTrace] [info] Frontend ticks at Clk=192000000
[Ramulator::LoadStoreStallTrace] [info] Frontend ticks at Clk=193000000
[Ramulator::LoadStoreStallTrace] [info] Frontend ticks at Clk=194000000
[Ramulator::LoadStoreStallTrace] [info] Frontend ticks at Clk=195000000
[Ramulator::LoadStoreStallTrace] [info] Frontend ticks at Clk=196000000
[Ramulator::LoadStoreStallTrace] [info] Frontend ticks at Clk=197000000
[Ramulator::LoadStoreStallTrace] [info] Frontend ticks at Clk=198000000
[Ramulator::LoadStoreStallTrace] [info] Frontend ticks at Clk=199000000
[Ramulator::LoadStoreStallTrace] [info] Frontend ticks at Clk=200000000
[Ramulator::LoadStoreStallTrace] [info] Frontend ticks at Clk=201000000
[Ramulator::LoadStoreStallTrace] [info] Frontend ticks at Clk=202000000
[Ramulator::LoadStoreStallTrace] [info] Frontend ticks at Clk=203000000
[Ramulator::LoadStoreStallTrace] [info] Frontend ticks at Clk=204000000
[Ramulator::LoadStoreStallTrace] [info] Frontend ticks at Clk=205000000
[Ramulator::LoadStoreStallTrace] [info] Frontend ticks at Clk=206000000
[Ramulator::LoadStoreStallTrace] [info] Frontend ticks at Clk=207000000
[Ramulator::LoadStoreStallTrace] [info] Frontend ticks at Clk=208000000
[Ramulator::LoadStoreStallTrace] [info] Frontend ticks at Clk=209000000
[Ramulator::LoadStoreStallTrace] [info] Frontend ticks at Clk=210000000
[Ramulator::LoadStoreStallTrace] [info] Frontend ticks at Clk=211000000
[Ramulator::LoadStoreStallTrace] [info] Frontend ticks at Clk=212000000
[Ramulator::LoadStoreStallTrace] [info] Frontend ticks at Clk=213000000
[Ramulator::LoadStoreStallTrace] [info] Frontend ticks at Clk=214000000
[Ramulator::LoadStoreStallTrace] [info] Frontend ticks at Clk=215000000
[Ramulator::LoadStoreStallTrace] [info] Frontend ticks at Clk=216000000
[Ramulator::LoadStoreStallTrace] [info] Frontend ticks at Clk=217000000
[Ramulator::LoadStoreStallTrace] [info] Frontend ticks at Clk=218000000
[Ramulator::LoadStoreStallTrace] [info] Frontend ticks at Clk=219000000
[Ramulator::LoadStoreStallTrace] [info] Frontend ticks at Clk=220000000
[Ramulator::LoadStoreStallTrace] [info] Frontend ticks at Clk=221000000
[Ramulator::LoadStoreStallTrace] [info] Frontend ticks at Clk=222000000
[Ramulator::LoadStoreStallTrace] [info] Frontend ticks at Clk=223000000
[Ramulator::LoadStoreStallTrace] [info] Frontend ticks at Clk=224000000
[Ramulator::LoadStoreStallTrace] [info] Frontend ticks at Clk=225000000
[Ramulator::LoadStoreStallTrace] [info] Frontend ticks at Clk=226000000
[Ramulator::LoadStoreStallTrace] [info] Frontend ticks at Clk=227000000
[Ramulator::LoadStoreStallTrace] [info] Frontend ticks at Clk=228000000
[Ramulator::LoadStoreStallTrace] [info] Frontend ticks at Clk=229000000
[Ramulator::LoadStoreStallTrace] [info] Frontend ticks at Clk=230000000
[Ramulator::LoadStoreStallTrace] [info] Frontend ticks at Clk=231000000
[Ramulator::LoadStoreStallTrace] [info] Frontend ticks at Clk=232000000
[Ramulator::LoadStoreStallTrace] [info] Frontend ticks at Clk=233000000
[Ramulator::LoadStoreStallTrace] [info] Frontend ticks at Clk=234000000
[Ramulator::LoadStoreStallTrace] [info] Frontend ticks at Clk=235000000
[Ramulator::LoadStoreStallTrace] [info] Frontend ticks at Clk=236000000
[Ramulator::LoadStoreStallTrace] [info] Frontend ticks at Clk=237000000
[Ramulator::LoadStoreStallTrace] [info] Frontend ticks at Clk=238000000
[Ramulator::LoadStoreStallTrace] [info] Frontend ticks at Clk=239000000
[Ramulator::LoadStoreStallTrace] [info] Frontend ticks at Clk=240000000
[Ramulator::LoadStoreStallTrace] [info] Frontend ticks at Clk=241000000
[Ramulator::LoadStoreStallTrace] [info] Frontend ticks at Clk=242000000
[Ramulator::LoadStoreStallTrace] [info] Frontend ticks at Clk=243000000
[Ramulator::LoadStoreStallTrace] [info] Frontend ticks at Clk=244000000
[Ramulator::LoadStoreStallTrace] [info] Frontend ticks at Clk=245000000
[Ramulator::LoadStoreStallTrace] [info] Frontend ticks at Clk=246000000
[Ramulator::LoadStoreStallTrace] [info] Frontend ticks at Clk=247000000
[Ramulator::LoadStoreStallTrace] [info] Frontend ticks at Clk=248000000
[Ramulator::LoadStoreStallTrace] [info] Frontend ticks at Clk=249000000
[Ramulator::LoadStoreStallTrace] [info] Frontend ticks at Clk=250000000
[Ramulator::LoadStoreStallTrace] [info] Frontend ticks at Clk=251000000
[Ramulator::LoadStoreStallTrace] [info] Frontend ticks at Clk=252000000
[Ramulator::LoadStoreStallTrace] [info] Frontend ticks at Clk=253000000
[Ramulator::LoadStoreStallTrace] [info] Frontend ticks at Clk=254000000
[Ramulator::LoadStoreStallTrace] [info] Frontend ticks at Clk=255000000
[Ramulator::LoadStoreStallTrace] [info] Frontend ticks at Clk=256000000
[Ramulator::LoadStoreStallTrace] [info] Frontend ticks at Clk=257000000
[Ramulator::LoadStoreStallTrace] [info] Frontend ticks at Clk=258000000
[Ramulator::LoadStoreStallTrace] [info] Frontend ticks at Clk=259000000
[Ramulator::LoadStoreStallTrace] [info] Frontend ticks at Clk=260000000
[Ramulator::LoadStoreStallTrace] [info] Frontend ticks at Clk=261000000
[Ramulator::LoadStoreStallTrace] [info] Frontend ticks at Clk=262000000
[Ramulator::LoadStoreStallTrace] [info] Frontend ticks at Clk=263000000
[Ramulator::LoadStoreStallTrace] [info] Frontend ticks at Clk=264000000
[Ramulator::LoadStoreStallTrace] [info] Frontend ticks at Clk=265000000
[Ramulator::LoadStoreStallTrace] [info] Frontend ticks at Clk=266000000
[Ramulator::LoadStoreStallTrace] [info] Frontend ticks at Clk=267000000
[Ramulator::LoadStoreStallTrace] [info] Frontend ticks at Clk=268000000
[Ramulator::LoadStoreStallTrace] [info] Frontend ticks at Clk=269000000
[Ramulator::LoadStoreStallTrace] [info] Frontend ticks at Clk=270000000
Frontend:
  impl: LoadStoreStallTrace
  average_bandwidth: 90.9662094
  worst_bandwidth: .inf
  peak_bandwidth: -1

MemorySystem:
  impl: Global_Controller_RAW
  bandwidth_utilization: 0.729200006
  worst_bandwidth: 0
  peak_bandwidth: 93.3376007
  average_bandwidth: 0
  total_num_other_requests: 0
  total_num_write_requests: 1485803
  total_num_read_requests: 192395429
  memory_system_cycles: 270722648

  DRAM:
    impl: DDR4
    idle_cycles_rank3: 21803038
    total_background_energy: 61240861.577
    total_energy_rank1: 17880696.658
    idle_cycles_rank0: 21788530
    total_energy: 71522759.497000009
    total_cmd_energy_rank1: 2570474.48
    act_background_energy_rank1: 14340339.783
    total_energy_rank2: 17880689.742999997
    active_cycles_rank0: 241020694
    pre_background_energy_rank0: 969589.58499999996
    total_background_energy_rank1: 15310222.177999999
    total_energy_rank0: 17880795.357999999
    total_cmd_energy_rank0: 2570474.48
    act_background_energy_rank3: 14339868.067
    idle_cycles_rank1: 21795110
    total_background_energy_rank3: 15310103.257999999
    total_cmd_energy_rank3: 2570474.48
    total_energy_rank3: 17880577.737999998
    total_background_energy_rank0: 15310320.877999999
    total_cmd_energy: 10281897.92
    pre_background_energy_rank1: 969882.39500000002
    active_cycles_rank1: 241014114
    total_cmd_energy_rank2: 2570474.48
    act_background_energy_rank2: 14340312.353499999
    active_cycles_rank3: 241006186
    pre_background_energy_rank2: 969902.90949999995
    idle_cycles_rank2: 21795571
    act_background_energy_rank0: 14340731.293
    active_cycles_rank2: 241013653
    total_background_energy_rank2: 15310215.262999998
    pre_background_energy_rank3: 970235.19099999999
  AddrMapper:
    impl: RoBaRaCoCh


  Controller:
    impl: BankLevelController
    id: Channel 0
    avg_read_latency_0: 7.8067832
    read_queue_len_avg_0: 1.42135036
    write_queue_len_0: 0
    queue_len_0: 384791752
    num_other_reqs_0: 0
    num_write_reqs_0: 1122496
    read_latency_0: 775126095
    priority_queue_len_avg_0: 0
    row_hits_0: 45374452
    priority_queue_len_0: 0
    row_misses_0: 69417
    row_conflicts_0: 3026551
    read_row_misses_0: 68836
    queue_len_avg_0: 1.42135036
    read_row_conflicts_core_0: 3003291
    read_row_hits_0: 45026842
    write_queue_len_avg_0: 0
    read_row_conflicts_0: 3003291
    write_row_misses_0: 581
    write_row_conflicts_0: 23260
    read_queue_len_0: 384791752
    write_row_hits_0: 347610
    read_row_hits_core_0: 45026842
    read_row_misses_core_0: 68836
    num_read_reqs_0: 99288792
    Scheduler:
      impl: FCFS
    RefreshManager:
      impl: AllBank
    RowPolicy:
      impl: OpenRowPolicy
    ControllerPlugin:
      impl: CommandCounter



  Controller:
    impl: BankLevelController
    id: Channel 1
    read_queue_len_avg_1: 1.42134559
    priority_queue_len_1: 0
    write_queue_len_1: 0
    num_write_reqs_1: 386122
    row_hits_1: 45373346
    row_misses_1: 69417
    avg_read_latency_1: 11.953907
    queue_len_avg_1: 1.42134559
    read_queue_len_1: 384790472
    read_row_misses_1: 68836
    priority_queue_len_avg_1: 0
    read_row_hits_1: 45025735
    queue_len_1: 384790472
    read_row_conflicts_1: 3004238
    num_read_reqs_1: 66355111
    num_other_reqs_1: 0
    row_conflicts_1: 3027496
    write_row_hits_1: 347611
    write_queue_len_avg_1: 0
    write_row_misses_1: 581
    write_row_conflicts_1: 23258
    read_row_hits_core_0: 45025735
    read_row_misses_core_0: 68836
    read_latency_1: 793202790
    read_row_conflicts_core_0: 3004238
    Scheduler:
      impl: FCFS
    RefreshManager:
      impl: AllBank
    RowPolicy:
      impl: OpenRowPolicy
    ControllerPlugin:
      impl: CommandCounter



  Controller:
    impl: BankLevelController
    id: Channel 2
    read_latency_2: 793460773
    queue_len_avg_2: 1.42134464
    priority_queue_len_2: 0
    read_queue_len_avg_2: 1.42134464
    write_queue_len_2: 0
    queue_len_2: 384790216
    num_write_reqs_2: 372922
    row_hits_2: 45373259
    avg_read_latency_2: 16.0516262
    write_queue_len_avg_2: 0
    num_other_reqs_2: 0
    row_misses_2: 69417
    write_row_hits_2: 347609
    row_conflicts_2: 3027549
    write_row_conflicts_2: 23258
    read_row_hits_2: 45025650
    read_row_misses_2: 68836
    read_row_conflicts_2: 3004291
    write_row_misses_2: 581
    read_row_conflicts_core_0: 3004291
    num_read_reqs_2: 49431803
    priority_queue_len_avg_2: 0
    read_row_hits_core_0: 45025650
    read_queue_len_2: 384790216
    read_row_misses_core_0: 68836
    Scheduler:
      impl: FCFS
    RefreshManager:
      impl: AllBank
    RowPolicy:
      impl: OpenRowPolicy
    ControllerPlugin:
      impl: CommandCounter



  Controller:
    impl: BankLevelController
    id: Channel 3
    priority_queue_len_avg_3: 0
    write_queue_len_avg_3: 0
    queue_len_avg_3: 1.4213475
    avg_read_latency_3: 15.3956537
    priority_queue_len_3: 0
    read_queue_len_3: 384790992
    queue_len_3: 384790992
    num_write_reqs_3: 377028
    row_hits_3: 45372291
    row_conflicts_3: 3028616
    read_row_misses_3: 68836
    read_row_hits_3: 45024681
    write_row_conflicts_3: 23259
    read_row_conflicts_3: 3005357
    row_misses_3: 69417
    write_row_hits_3: 347610
    write_row_misses_3: 581
    read_row_hits_core_0: 45024681
    num_other_reqs_3: 0
    read_row_misses_core_0: 68836
    read_row_conflicts_core_0: 3005357
    read_latency_3: 813899994
    read_queue_len_avg_3: 1.4213475
    write_queue_len_3: 0
    num_read_reqs_3: 52865567
    Scheduler:
      impl: FCFS
    RefreshManager:
      impl: AllBank
    RowPolicy:
      impl: OpenRowPolicy
    ControllerPlugin:
      impl: CommandCounter



