Flow report for MCB_AVL_IP_TOP
Thu May 31 13:41:56 2012
Quartus II Version 10.1 Build 197 01/19/2011 Service Pack 1 SJ Full Version


---------------------
; Table of Contents ;
---------------------
  1. Legal Notice
  2. Flow Summary
  3. Flow Settings
  4. Flow Non-Default Global Settings
  5. Flow Elapsed Time
  6. Flow OS Summary
  7. Flow Log



----------------
; Legal Notice ;
----------------
Copyright (C) 1991-2011 Altera Corporation
Your use of Altera Corporation's design tools, logic functions 
and other software and tools, and its AMPP partner logic 
functions, and any output files from any of the foregoing 
(including device programming or simulation files), and any 
associated documentation or information are expressly subject 
to the terms and conditions of the Altera Program License 
Subscription Agreement, Altera MegaCore Function License 
Agreement, or other applicable license agreement, including, 
without limitation, that your use is for the sole purpose of 
programming logic devices manufactured by Altera and sold by 
Altera or its authorized distributors.  Please refer to the 
applicable agreement for further details.



+-------------------------------------------------------------------------------------+
; Flow Summary                                                                        ;
+------------------------------------+------------------------------------------------+
; Flow Status                        ; Successful - Thu May 31 13:41:56 2012          ;
; Quartus II Version                 ; 10.1 Build 197 01/19/2011 SP 1 SJ Full Version ;
; Revision Name                      ; MCB_AVL_IP_TOP                                 ;
; Top-level Entity Name              ; MCB_AVL_IP_TOP                                 ;
; Family                             ; Cyclone II                                     ;
; Device                             ; EP2C35F672C6                                   ;
; Timing Models                      ; Final                                          ;
; Total logic elements               ; 430 / 33,216 ( 1 % )                           ;
;     Total combinational functions  ; 317 / 33,216 ( < 1 % )                         ;
;     Dedicated logic registers      ; 340 / 33,216 ( 1 % )                           ;
; Total registers                    ; 340                                            ;
; Total pins                         ; 122 / 475 ( 26 % )                             ;
; Total virtual pins                 ; 0                                              ;
; Total memory bits                  ; 0 / 483,840 ( 0 % )                            ;
; Embedded Multiplier 9-bit elements ; 0 / 70 ( 0 % )                                 ;
; Total PLLs                         ; 0 / 4 ( 0 % )                                  ;
+------------------------------------+------------------------------------------------+


+-----------------------------------------+
; Flow Settings                           ;
+-------------------+---------------------+
; Option            ; Setting             ;
+-------------------+---------------------+
; Start date & time ; 05/31/2012 13:41:42 ;
; Main task         ; Compilation         ;
; Revision Name     ; MCB_AVL_IP_TOP      ;
+-------------------+---------------------+


+---------------------------------------------------------------------------------------------------------------------------------+
; Flow Non-Default Global Settings                                                                                                ;
+-----------------------------------------+---------------------------------------+--------------------+-------------+------------+
; Assignment Name                         ; Value                                 ; Default Value      ; Entity Name ; Section Id ;
+-----------------------------------------+---------------------------------------+--------------------+-------------+------------+
; COMPILER_SIGNATURE_ID                   ; 1097703322274.133844290206124         ; --                 ; --          ; --         ;
; CYCLONEII_OPTIMIZATION_TECHNIQUE        ; Speed                                 ; Balanced           ; --          ; --         ;
; MAX_CORE_JUNCTION_TEMP                  ; 85                                    ; --                 ; --          ; --         ;
; MIN_CORE_JUNCTION_TEMP                  ; 0                                     ; --                 ; --          ; --         ;
; OPTIMIZE_POWER_DURING_SYNTHESIS         ; Extra effort                          ; Normal compilation ; --          ; --         ;
; PARTITION_COLOR                         ; 16764057                              ; --                 ; --          ; Top        ;
; PARTITION_FITTER_PRESERVATION_LEVEL     ; PLACEMENT_AND_ROUTING                 ; --                 ; --          ; Top        ;
; PARTITION_NETLIST_TYPE                  ; SOURCE                                ; --                 ; --          ; Top        ;
; PHYSICAL_SYNTHESIS_EFFORT               ; Extra                                 ; Normal             ; --          ; --         ;
; PHYSICAL_SYNTHESIS_REGISTER_DUPLICATION ; On                                    ; Off                ; --          ; --         ;
; PHYSICAL_SYNTHESIS_REGISTER_RETIMING    ; On                                    ; Off                ; --          ; --         ;
; POWER_BOARD_THERMAL_MODEL               ; None (CONSERVATIVE)                   ; --                 ; --          ; --         ;
; POWER_PRESET_COOLING_SOLUTION           ; 23 MM HEAT SINK WITH 200 LFPM AIRFLOW ; --                 ; --          ; --         ;
; SYNTH_TIMING_DRIVEN_SYNTHESIS           ; On                                    ; Off                ; --          ; --         ;
+-----------------------------------------+---------------------------------------+--------------------+-------------+------------+


+-------------------------------------------------------------------------------------------------------------------------------+
; Flow Elapsed Time                                                                                                             ;
+---------------------------+--------------+-------------------------+---------------------+------------------------------------+
; Module Name               ; Elapsed Time ; Average Processors Used ; Peak Virtual Memory ; Total CPU Time (on all processors) ;
+---------------------------+--------------+-------------------------+---------------------+------------------------------------+
; Analysis & Synthesis      ; 00:00:03     ; 1.0                     ; 273 MB              ; 00:00:03                           ;
; Fitter                    ; 00:00:07     ; 2.8                     ; 382 MB              ; 00:00:08                           ;
; TimeQuest Timing Analyzer ; 00:00:01     ; 1.0                     ; 288 MB              ; 00:00:02                           ;
; Assembler                 ; 00:00:02     ; 1.0                     ; 305 MB              ; 00:00:02                           ;
; Total                     ; 00:00:13     ; --                      ; --                  ; 00:00:15                           ;
+---------------------------+--------------+-------------------------+---------------------+------------------------------------+


+----------------------------------------------------------------------------------------+
; Flow OS Summary                                                                        ;
+---------------------------+------------------+-----------+------------+----------------+
; Module Name               ; Machine Hostname ; OS Name   ; OS Version ; Processor type ;
+---------------------------+------------------+-----------+------------+----------------+
; Analysis & Synthesis      ; Cyboic-PC        ; Windows 7 ; 6.1        ; x86_64         ;
; Fitter                    ; Cyboic-PC        ; Windows 7 ; 6.1        ; x86_64         ;
; TimeQuest Timing Analyzer ; Cyboic-PC        ; Windows 7 ; 6.1        ; x86_64         ;
; Assembler                 ; Cyboic-PC        ; Windows 7 ; 6.1        ; x86_64         ;
+---------------------------+------------------+-----------+------------+----------------+


------------
; Flow Log ;
------------
quartus_map --read_settings_files=on --write_settings_files=off MCB_AVL_IP_TOP -c MCB_AVL_IP_TOP
quartus_fit --read_settings_files=off --write_settings_files=off MCB_AVL_IP_TOP -c MCB_AVL_IP_TOP
quartus_sta MCB_AVL_IP_TOP -c MCB_AVL_IP_TOP
quartus_asm --read_settings_files=off --write_settings_files=off MCB_AVL_IP_TOP -c MCB_AVL_IP_TOP



