[Ramulator::SimpleO3] [info] Processor Heartbeat 10000000 cycles.
[Ramulator::SimpleO3] [info] Processor Heartbeat 20000000 cycles.
Frontend:
  impl: SimpleO3
  memory_access_cycles_recorded_core_0: 6988672
  cycles_recorded_core_0: 24128828
  llc_mshr_unavailable: 0
  llc_read_misses: 418090
  llc_read_access: 565357
  llc_write_misses: 0
  llc_write_access: 0
  llc_eviction: 417435
  num_expected_insts: 30000000
  Translation:
    impl: RandomTranslation


MemorySystem:
  impl: GenericDRAM
  total_num_other_requests: 0
  total_num_write_requests: 0
  total_num_read_requests: 417450
  memory_system_cycles: 9048311

  DRAM:
    impl: DDR4
    idle_cycles_rank0: 14585
    active_cycles_rank0: 8831886
    pre_background_energy_rank0: 1230.609375
    act_background_energy_rank0: 811429.52625
    total_energy_rank0: 965717.22724226257
    total_cmd_energy_rank0: 153057.09161726251
    total_energy: 965717.22724226257
    total_cmd_energy: 153057.09161726251
    total_background_energy_rank0: 812660.135625
    total_background_energy: 812660.135625
  AddrMapper:
    impl: RoBaRaCoCh


  Controller:
    impl: Generic
    id: Channel 0
    avg_read_latency_0: 34.0950928
    read_queue_len_avg_0: 1.05761683
    write_queue_len_0: 0
    queue_len_0: 9592111
    num_other_reqs_0: 0
    num_write_reqs_0: 0
    read_latency_0: 14232997
    priority_queue_len_avg_0: 0.00248278375
    row_hits_0: 29237
    priority_queue_len_0: 22465
    row_misses_0: 8884
    row_conflicts_0: 379329
    read_row_misses_0: 8884
    queue_len_avg_0: 1.0600996
    read_row_conflicts_core_0: 379329
    read_row_hits_0: 29237
    write_queue_len_avg_0: 0
    read_row_conflicts_0: 379329
    write_row_misses_0: 0
    write_row_conflicts_0: 0
    read_queue_len_0: 9569646
    write_row_hits_0: 0
    read_row_hits_core_0: 29237
    read_row_misses_core_0: 8884
    num_read_reqs_0: 417450
    Scheduler:
      impl: FCFS
    RefreshManager:
      impl: AllBank
    RowPolicy:
      impl: OpenRowPolicy
    ControllerPlugin:
      impl: CommandCounter
