[Ramulator::SimpleO3] [info] Processor Heartbeat 10000000 cycles.
[Ramulator::SimpleO3] [info] Processor Heartbeat 20000000 cycles.
[Ramulator::SimpleO3] [info] Processor Heartbeat 30000000 cycles.
Frontend:
  impl: SimpleO3
  memory_access_cycles_recorded_core_0: 10131092
  cycles_recorded_core_0: 33595786
  llc_mshr_unavailable: 0
  llc_read_misses: 418152
  llc_read_access: 565453
  llc_write_misses: 0
  llc_write_access: 0
  llc_eviction: 417435
  num_expected_insts: 30000000
  Translation:
    impl: RandomTranslation


MemorySystem:
  impl: GenericDRAM
  total_num_other_requests: 0
  total_num_write_requests: 0
  total_num_read_requests: 417450
  memory_system_cycles: 12598420

  DRAM:
    impl: DDR4
    active_cycles_rank1: 11960613
    pre_background_energy_rank1: 3191.8664924999998
    total_background_energy_rank0: 735483.27396599995
    idle_cycles_rank1: 56767
    total_cmd_energy: 800286.4173359999
    total_cmd_energy_rank0: 400891.90906799998
    total_energy_rank0: 1136375.183034
    act_background_energy_rank0: 732256.49019599997
    pre_background_energy_rank0: 3226.78377
    active_cycles_rank0: 11959992
    act_background_energy_rank1: 732294.51123149996
    total_energy: 2271256.0690259999
    idle_cycles_rank0: 57388
    total_energy_rank1: 1134880.8859919999
    total_background_energy_rank1: 735486.3777239999
    total_background_energy: 1470969.6516899997
    total_cmd_energy_rank1: 399394.50826799998
  AddrMapper:
    impl: RoBaRaCoCh


  Controller:
    impl: Generic
    id: Channel 0
    avg_read_latency_0: 52.9795723
    read_queue_len_avg_0: 0.682121515
    write_queue_len_0: 0
    queue_len_0: 8627200
    num_other_reqs_0: 0
    num_write_reqs_0: 0
    read_latency_0: 11133710
    priority_queue_len_avg_0: 0.0026627942
    row_hits_0: 51451
    priority_queue_len_0: 33547
    row_misses_0: 20733
    row_conflicts_0: 137967
    read_row_misses_0: 20733
    queue_len_avg_0: 0.684784293
    read_row_conflicts_core_0: 137967
    read_row_hits_0: 51451
    write_queue_len_avg_0: 0
    read_row_conflicts_0: 137967
    write_row_misses_0: 0
    write_row_conflicts_0: 0
    read_queue_len_0: 8593653
    write_row_hits_0: 0
    read_row_hits_core_0: 51451
    read_row_misses_core_0: 20733
    num_read_reqs_0: 210151
    Scheduler:
      impl: FCFS
    RefreshManager:
      impl: AllBank
    RowPolicy:
      impl: OpenRowPolicy
    ControllerPlugin:
      impl: CommandCounter



  Controller:
    impl: Generic
    id: Channel 1
    read_queue_len_avg_1: 0.67627877
    priority_queue_len_1: 32308
    write_queue_len_1: 0
    num_write_reqs_1: 0
    row_hits_1: 49927
    row_misses_1: 20667
    avg_read_latency_1: 53.2509003
    queue_len_avg_1: 0.6788432
    read_queue_len_1: 8520044
    read_row_misses_1: 20667
    priority_queue_len_avg_1: 0.00256444863
    read_row_hits_1: 49927
    queue_len_1: 8552352
    read_row_conflicts_1: 136705
    num_read_reqs_1: 207299
    num_other_reqs_1: 0
    row_conflicts_1: 136705
    write_row_hits_1: 0
    write_queue_len_avg_1: 0
    write_row_misses_1: 0
    write_row_conflicts_1: 0
    read_row_hits_core_0: 49927
    read_row_misses_core_0: 20667
    read_latency_1: 11038858
    read_row_conflicts_core_0: 136705
    Scheduler:
      impl: FCFS
    RefreshManager:
      impl: AllBank
    RowPolicy:
      impl: OpenRowPolicy
    ControllerPlugin:
      impl: CommandCounter



